#
# A fatal error has been detected by the Java Runtime Environment:
#
#  SIGSEGV (0xb) at pc=0x000000010cdc7cdd, pid=2273, tid=0x000000000000b83f
#
# JRE version: Java(TM) SE Runtime Environment (8.0_92-b14) (build 1.8.0_92-b14)
# Java VM: Java HotSpot(TM) 64-Bit Server VM (25.92-b14 mixed mode bsd-amd64 compressed oops)
# Problematic frame:
# C  [libawt_lwawt.dylib+0x1acdd]  OGLSD_SetScratchSurface+0x49
#
# Failed to write core dump. Core dumps have been disabled. To enable core dumping, try "ulimit -c unlimited" before starting Java again
#
# If you would like to submit a bug report, please visit:
#   http://bugreport.java.com/bugreport/crash.jsp
# The crash happened outside the Java Virtual Machine in native code.
# See problematic frame for where to report the bug.
#

---------------  T H R E A D  ---------------

Current thread (0x00007fe728287000):  JavaThread "Java2D Queue Flusher" daemon [_thread_in_native, id=47167, stack(0x00007000032d6000,0x00007000033d6000)]

siginfo: si_signo: 11 (SIGSEGV), si_code: 1 (SEGV_MAPERR), si_addr: 0x0000000000000005

Registers:
RAX=0x00000000ffffffff, RBX=0x0000000000000005, RCX=0x0000000000000047, RDX=0x000000010cde8844
RSP=0x00007000033d5720, RBP=0x00007000033d5740, RSI=0x00007fe71506a3e0, RDI=0x00007fe7282871f8
R8 =0x00000000000000c8, R9 =0xffffffff00000000, R10=0x000000010e0817f8, R11=0x00007fe723ca1248
R12=0x0000000000000000, R13=0x000000010e12b62c, R14=0x00007fe7282871f8, R15=0x00007fe728287000
RIP=0x000000010cdc7cdd, EFLAGS=0x0000000000010206, ERR=0x0000000000000004
  TRAPNO=0x000000000000000e

Top of Stack: (sp=0x00007000033d5720)
0x00007000033d5720:   00007fe71506a3e0 0000000000000000
0x00007000033d5730:   00007fe728293e10 00007fe728287000
0x00007000033d5740:   00007000033d57c0 000000010cde8322
0x00007000033d5750:   00000000033d5888 000000015216dfe8
0x00007000033d5760:   0000000000000000 000000010e12b62c
0x00007000033d5770:   00007000033d5790 0000000000000064
0x00007000033d5780:   00007fe724832f58 00007fe728293e20
0x00007000033d5790:   00007fe700287000 00007fe7282871f8
0x00007000033d57a0:   000000015216dfe8 0000000000000000
0x00007000033d57b0:   00007000033d5888 00007fe728287000
0x00007000033d57c0:   00007000033d5810 000000010e08186a
0x00007000033d57d0:   00000007400a4f58 000000010274e7b0
0x00007000033d57e0:   0000000000000005 00007fe728287000
0x00007000033d57f0:   000000074003fa01 00007fe723ca1990
0x00007000033d5800:   00007000033d5800 00007fe728287000
0x00007000033d5810:   00007000033d59d0 000000010e3fcf7c
0x00007000033d5820:   00007000033d5888 00007fe728287000
0x00007000033d5830:   00007000033d5880 000000010dffd068
0x00007000033d5840:   000000074003fa60 00007000033d5888
0x00007000033d5850:   0000000740330b68 0000000000000000
0x00007000033d5860:   000000014d897de0 0000000000000000
0x00007000033d5870:   00000007400a4f58 00007000033d59d0
0x00007000033d5880:   00007000033d59d0 000000010e12b524
0x00007000033d5890:   0000000000000041 000000010878f8e8
0x00007000033d58a0:   0000000000000000 0000700000000000
0x00007000033d58b0:   00000000000000dc 0000000000000000
0x00007000033d58c0:   00007000033d5968 00007fe728287000
0x00007000033d58d0:   00007000033d5940 000000010dc5fb6c
0x00007000033d58e0:   000000010dc472bd 0000000100000001
0x00007000033d58f0:   000000074003fa60 000000074003fa60
0x00007000033d5900:   0000700000000000 000000010e12a7d0
0x00007000033d5910:   00007000033d5968 0000000108790068 

Instructions: (pc=0x000000010cdc7cdd)
0x000000010cdc7cbd:   c0 e9 82 00 00 00 48 8b 5e 10 48 85 db 75 0e bf
0x000000010cdc7ccd:   01 00 00 00 48 8d 15 ef 76 03 00 eb d6 49 89 fe
0x000000010cdc7cdd:   4c 8b 3b 30 c0 e8 83 a3 02 00 49 8b 3f 49 89 c4
0x000000010cdc7ced:   48 8b 35 34 f9 05 00 30 c0 e8 a7 a4 02 00 48 85 

Register to memory mapping:

RAX=0x00000000ffffffff is an unknown value
RBX=0x0000000000000005 is an unknown value
RCX=0x0000000000000047 is an unknown value
RDX=0x000000010cde8844: Java_sun_java2d_opengl_OGLRenderQueue_flushBuffer+0xb5c in /Library/Java/JavaVirtualMachines/jdk1.8.0_92.jdk/Contents/Home/jre/lib/libawt_lwawt.dylib at 0x000000010cdad000
RSP=0x00007000033d5720 is pointing into the stack for thread: 0x00007fe728287000
RBP=0x00007000033d5740 is pointing into the stack for thread: 0x00007fe728287000
RSI=0x00007fe71506a3e0 is an unknown value
RDI=0x00007fe7282871f8 is an unknown value
R8 =0x00000000000000c8 is an unknown value
R9 =0xffffffff00000000 is an unknown value
R10=0x000000010e0817f8 is at entry_point+56 in (nmethod*)0x000000010e081650
R11=0x00007fe723ca1248 is an unknown value
R12=0x0000000000000000 is an unknown value
R13=0x000000010e12b62c is at entry_point+2764 in (nmethod*)0x000000010e12a7d0
R14=0x00007fe7282871f8 is an unknown value
R15=0x00007fe728287000 is a thread


Stack: [0x00007000032d6000,0x00007000033d6000],  sp=0x00007000033d5720,  free space=1021k
Native frames: (J=compiled Java code, j=interpreted, Vv=VM code, C=native code)
C  [libawt_lwawt.dylib+0x1acdd]  OGLSD_SetScratchSurface+0x49
C  [libawt_lwawt.dylib+0x3b322]  Java_sun_java2d_opengl_OGLRenderQueue_flushBuffer+0x63a
J 19442  sun.java2d.opengl.OGLRenderQueue.flushBuffer(JI)V (0 bytes) @ 0x000000010e08186a [0x000000010e0817c0+0xaa]
J 9666 C1 sun.java2d.opengl.OGLRenderQueue.flushBuffer()V (41 bytes) @ 0x000000010e3fcf7c [0x000000010e3fcd20+0x25c]
J 20260% C1 sun.java2d.opengl.OGLRenderQueue$QueueFlusher.run()V (234 bytes) @ 0x000000010e12b524 [0x000000010e12ab60+0x9c4]
v  ~StubRoutines::call_stub
V  [libjvm.dylib+0x2ecc9a]
V  [libjvm.dylib+0x2ed428]
V  [libjvm.dylib+0x2ed5d4]
V  [libjvm.dylib+0x347dbd]
V  [libjvm.dylib+0x564c57]
V  [libjvm.dylib+0x566344]
V  [libjvm.dylib+0x485bbe]
C  [libsystem_pthread.dylib+0x36c1]  _pthread_body+0x154
C  [libsystem_pthread.dylib+0x356d]  _pthread_body+0x0
C  [libsystem_pthread.dylib+0x2c5d]  thread_start+0xd
C  0x0000000000000000

Java frames: (J=compiled Java code, j=interpreted, Vv=VM code)
J 19442  sun.java2d.opengl.OGLRenderQueue.flushBuffer(JI)V (0 bytes) @ 0x000000010e0817f8 [0x000000010e0817c0+0x38]
J 9666 C1 sun.java2d.opengl.OGLRenderQueue.flushBuffer()V (41 bytes) @ 0x000000010e3fcf7c [0x000000010e3fcd20+0x25c]
J 20260% C1 sun.java2d.opengl.OGLRenderQueue$QueueFlusher.run()V (234 bytes) @ 0x000000010e12b524 [0x000000010e12ab60+0x9c4]
v  ~StubRoutines::call_stub

---------------  P R O C E S S  ---------------

Java Threads: ( => current thread )
  0x00007fe730322800 JavaThread "qtp1520671574-209" [_thread_blocked, id=114655, stack(0x000070000864f000,0x000070000874f000)]
  0x00007fe724a1e000 JavaThread "qtp1520671574-208" [_thread_blocked, id=3615, stack(0x0000700008a5b000,0x0000700008b5b000)]
  0x00007fe72eafa000 JavaThread "qtp1276824183-206" [_thread_blocked, id=98851, stack(0x0000700008c61000,0x0000700008d61000)]
  0x00007fe7300eb000 JavaThread "qtp1520671574-192" [_thread_blocked, id=118795, stack(0x0000700007c31000,0x0000700007d31000)]
  0x00007fe7300f0800 JavaThread "qtp1276824183-181" [_thread_blocked, id=99159, stack(0x0000700008b5e000,0x0000700008c5e000)]
  0x00007fe7308b5000 JavaThread "pool-2-thread-1" daemon [_thread_blocked, id=87067, stack(0x0000700007d34000,0x0000700007e34000)]
  0x00007fe731057800 JavaThread "pool-5-thread-1" [_thread_blocked, id=97035, stack(0x0000700007b2e000,0x0000700007c2e000)]
  0x00007fe7319cf800 JavaThread "Scheduler-832243508" [_thread_blocked, id=98191, stack(0x0000700008958000,0x0000700008a58000)]
  0x00007fe731808800 JavaThread "Scheduler-1796044829" [_thread_blocked, id=97903, stack(0x0000700003047000,0x0000700003147000)]
  0x00007fe728010800 JavaThread "org.eclipse.jetty.server.session.HashSessionManager@5aac4fddTimer" daemon [_thread_blocked, id=117763, stack(0x0000700008855000,0x0000700008955000)]
  0x00007fe732933000 JavaThread "qtp1276824183-109" [_thread_blocked, id=118275, stack(0x0000700008752000,0x0000700008852000)]
  0x00007fe731b30800 JavaThread "qtp1276824183-106-acceptor-0@d454c4d-ServerConnector@382a395{HTTP/1.1}{mini:8888}" [_thread_in_native, id=96515, stack(0x0000700008449000,0x0000700008549000)]
  0x00007fe731e35800 JavaThread "qtp1276824183-105-selector-ServerConnectorManager@6fd2e8e/3" [_thread_in_native, id=96003, stack(0x0000700008346000,0x0000700008446000)]
  0x00007fe7264ba800 JavaThread "qtp1276824183-104-selector-ServerConnectorManager@6fd2e8e/2" [_thread_in_native, id=119299, stack(0x0000700008243000,0x0000700008343000)]
  0x00007fe72605e800 JavaThread "qtp1276824183-103-selector-ServerConnectorManager@6fd2e8e/1" [_thread_in_native, id=120327, stack(0x000070000803d000,0x000070000813d000)]
  0x00007fe731e1b000 JavaThread "qtp1276824183-102-selector-ServerConnectorManager@6fd2e8e/0" [_thread_in_native, id=119811, stack(0x0000700008140000,0x0000700008240000)]
  0x00007fe726b7b800 JavaThread "GC Daemon" daemon [_thread_blocked, id=95555, stack(0x0000700007f3a000,0x000070000803a000)]
  0x00007fe724775800 JavaThread "org.eclipse.jetty.server.session.HashSessionManager@6bc9e56dTimer" daemon [_thread_blocked, id=53267, stack(0x0000700007e37000,0x0000700007f37000)]
  0x00007fe72691c000 JavaThread "qtp1520671574-95-acceptor-0@7cc0e84-ServerConnector@90be00d{HTTP/1.1}{mini:9876}" [_thread_in_native, id=26915, stack(0x0000700007a2b000,0x0000700007b2b000)]
  0x00007fe730d0d000 JavaThread "qtp1520671574-94-selector-ServerConnectorManager@2023065d/3" [_thread_in_native, id=28427, stack(0x0000700007928000,0x0000700007a28000)]
  0x00007fe733135000 JavaThread "qtp1520671574-93-selector-ServerConnectorManager@2023065d/2" [_thread_in_native, id=28935, stack(0x0000700007825000,0x0000700007925000)]
  0x00007fe733488000 JavaThread "qtp1520671574-92-selector-ServerConnectorManager@2023065d/1" [_thread_in_native, id=38923, stack(0x00007000036e2000,0x00007000037e2000)]
  0x00007fe72f540000 JavaThread "qtp1520671574-91-selector-ServerConnectorManager@2023065d/0" [_thread_in_native, id=3851, stack(0x000070000314a000,0x000070000324a000)]
  0x00007fe724ace800 JavaThread "TimerQueue" daemon [_thread_blocked, id=73751, stack(0x00007000034dc000,0x00007000035dc000)]
  0x00007fe724bf0000 JavaThread "Thread-65" daemon [_thread_blocked, id=120835, stack(0x0000700007722000,0x0000700007822000)]
  0x00007fe727842000 JavaThread "Thread-64" daemon [_thread_blocked, id=121347, stack(0x000070000761f000,0x000070000771f000)]
  0x00007fe7269bb800 JavaThread "Thread-63" daemon [_thread_blocked, id=121603, stack(0x000070000751c000,0x000070000761c000)]
  0x00007fe727244000 JavaThread "Thread-62" daemon [_thread_blocked, id=122115, stack(0x0000700007419000,0x0000700007519000)]
  0x00007fe727841000 JavaThread "Thread-61" daemon [_thread_blocked, id=94723, stack(0x0000700007316000,0x0000700007416000)]
  0x00007fe724bef800 JavaThread "Thread-60" daemon [_thread_blocked, id=122883, stack(0x0000700007213000,0x0000700007313000)]
  0x00007fe7269bd000 JavaThread "Thread-59" daemon [_thread_blocked, id=123139, stack(0x0000700007110000,0x0000700007210000)]
  0x00007fe725324000 JavaThread "Thread-58" daemon [_thread_blocked, id=123651, stack(0x000070000700d000,0x000070000710d000)]
  0x00007fe7269bc000 JavaThread "Thread-57" daemon [_thread_blocked, id=93955, stack(0x0000700006f0a000,0x000070000700a000)]
  0x00007fe724bee800 JavaThread "Thread-56" daemon [_thread_blocked, id=123907, stack(0x0000700006e07000,0x0000700006f07000)]
  0x00007fe724b04000 JavaThread "Thread-55" daemon [_thread_blocked, id=124419, stack(0x0000700006d04000,0x0000700006e04000)]
  0x00007fe727ae6000 JavaThread "Thread-54" daemon [_thread_blocked, id=93443, stack(0x0000700006c01000,0x0000700006d01000)]
  0x00007fe72844b800 JavaThread "Thread-53" daemon [_thread_blocked, id=92931, stack(0x0000700006afe000,0x0000700006bfe000)]
  0x00007fe724b03800 JavaThread "Thread-52" daemon [_thread_blocked, id=124931, stack(0x00007000069fb000,0x0000700006afb000)]
  0x00007fe724b02800 JavaThread "Thread-51" daemon [_thread_blocked, id=92163, stack(0x00007000068f8000,0x00007000069f8000)]
  0x00007fe727840800 JavaThread "Thread-50" daemon [_thread_blocked, id=125187, stack(0x00007000067f5000,0x00007000068f5000)]
  0x00007fe72691f800 JavaThread "Thread-49" daemon [_thread_blocked, id=125699, stack(0x00007000066f2000,0x00007000067f2000)]
  0x00007fe7251aa800 JavaThread "Thread-48" daemon [_thread_blocked, id=125955, stack(0x00007000065ef000,0x00007000066ef000)]
  0x00007fe727876800 JavaThread "Thread-47" daemon [_thread_blocked, id=91395, stack(0x00007000064ec000,0x00007000065ec000)]
  0x00007fe7244fe800 JavaThread "Thread-46" daemon [_thread_blocked, id=126723, stack(0x00007000063e9000,0x00007000064e9000)]
  0x00007fe724c39800 JavaThread "Thread-45" daemon [_thread_blocked, id=127235, stack(0x00007000062e6000,0x00007000063e6000)]
  0x00007fe7251a9000 JavaThread "Thread-44" daemon [_thread_blocked, id=127747, stack(0x00007000061e3000,0x00007000062e3000)]
  0x00007fe72463b800 JavaThread "Thread-43" daemon [_thread_blocked, id=91139, stack(0x00007000060e0000,0x00007000061e0000)]
  0x00007fe728511800 JavaThread "Thread-42" daemon [_thread_blocked, id=128259, stack(0x0000700005fdd000,0x00007000060dd000)]
  0x00007fe72844a800 JavaThread "Thread-41" daemon [_thread_blocked, id=90627, stack(0x0000700005eda000,0x0000700005fda000)]
  0x00007fe7245fc000 JavaThread "Thread-40" daemon [_thread_blocked, id=129027, stack(0x0000700005dd7000,0x0000700005ed7000)]
  0x00007fe725015000 JavaThread "Thread-39" daemon [_thread_blocked, id=90371, stack(0x0000700005cd4000,0x0000700005dd4000)]
  0x00007fe727874000 JavaThread "Thread-38" daemon [_thread_blocked, id=90115, stack(0x0000700005bd1000,0x0000700005cd1000)]
  0x00007fe726865800 JavaThread "Thread-37" daemon [_thread_blocked, id=89859, stack(0x0000700005ace000,0x0000700005bce000)]
  0x00007fe72617c000 JavaThread "Thread-36" daemon [_thread_blocked, id=89347, stack(0x00007000059cb000,0x0000700005acb000)]
  0x00007fe72844a000 JavaThread "Thread-35" daemon [_thread_blocked, id=88835, stack(0x00007000058c8000,0x00007000059c8000)]
  0x00007fe727877800 JavaThread "Thread-34" daemon [_thread_blocked, id=88323, stack(0x00007000057c5000,0x00007000058c5000)]
  0x00007fe724b02000 JavaThread "Thread-33" daemon [_thread_blocked, id=88067, stack(0x00007000056c2000,0x00007000057c2000)]
  0x00007fe724b71000 JavaThread "Thread-32" daemon [_thread_blocked, id=130563, stack(0x00007000055bf000,0x00007000056bf000)]
  0x00007fe72848c000 JavaThread "Thread-31" daemon [_thread_blocked, id=87823, stack(0x00007000054bc000,0x00007000055bc000)]
  0x00007fe7245f9000 JavaThread "Thread-30" daemon [_thread_blocked, id=87299, stack(0x00007000053b9000,0x00007000054b9000)]
  0x00007fe724aff800 JavaThread "Thread-29" daemon [_thread_blocked, id=65027, stack(0x00007000052b6000,0x00007000053b6000)]
  0x00007fe724aff000 JavaThread "Thread-28" daemon [_thread_blocked, id=65539, stack(0x00007000051b3000,0x00007000052b3000)]
  0x00007fe72490c000 JavaThread "Thread-27" daemon [_thread_blocked, id=65795, stack(0x00007000050b0000,0x00007000051b0000)]
  0x00007fe727444800 JavaThread "Thread-26" daemon [_thread_blocked, id=64259, stack(0x0000700004fad000,0x00007000050ad000)]
  0x00007fe725014800 JavaThread "Thread-25" daemon [_thread_blocked, id=63747, stack(0x0000700004eaa000,0x0000700004faa000)]
  0x00007fe7245e6800 JavaThread "Thread-24" daemon [_thread_blocked, id=63235, stack(0x0000700004da7000,0x0000700004ea7000)]
  0x00007fe725151000 JavaThread "Thread-23" daemon [_thread_blocked, id=62979, stack(0x0000700004ca4000,0x0000700004da4000)]
  0x00007fe7248d6000 JavaThread "Thread-22" daemon [_thread_blocked, id=66563, stack(0x0000700004ba1000,0x0000700004ca1000)]
  0x00007fe726000800 JavaThread "Thread-21" daemon [_thread_blocked, id=67075, stack(0x0000700004a9e000,0x0000700004b9e000)]
  0x00007fe727067800 JavaThread "Thread-20" daemon [_thread_blocked, id=68115, stack(0x000070000499b000,0x0000700004a9b000)]
  0x00007fe727441800 JavaThread "Thread-19" daemon [_thread_blocked, id=62467, stack(0x0000700004898000,0x0000700004998000)]
  0x00007fe72411b800 JavaThread "Thread-18" daemon [_thread_blocked, id=62219, stack(0x0000700004795000,0x0000700004895000)]
  0x00007fe724b0f000 JavaThread "Thread-17" daemon [_thread_blocked, id=61955, stack(0x0000700004692000,0x0000700004792000)]
  0x00007fe724b23800 JavaThread "Thread-16" daemon [_thread_blocked, id=69127, stack(0x000070000458f000,0x000070000468f000)]
  0x00007fe727b5b800 JavaThread "Thread-15" daemon [_thread_blocked, id=68867, stack(0x000070000448c000,0x000070000458c000)]
  0x00007fe72831d800 JavaThread "Thread-14" daemon [_thread_blocked, id=61443, stack(0x0000700004389000,0x0000700004489000)]
  0x00007fe72831c800 JavaThread "Thread-13" daemon [_thread_blocked, id=69895, stack(0x0000700004286000,0x0000700004386000)]
  0x00007fe728457000 JavaThread "Thread-12" daemon [_thread_blocked, id=60679, stack(0x0000700004183000,0x0000700004283000)]
  0x00007fe727441000 JavaThread "Thread-11" daemon [_thread_blocked, id=69639, stack(0x0000700004080000,0x0000700004180000)]
  0x00007fe727440000 JavaThread "Thread-10" daemon [_thread_blocked, id=60163, stack(0x0000700003f7d000,0x000070000407d000)]
  0x00007fe72743f800 JavaThread "Thread-9" daemon [_thread_blocked, id=59907, stack(0x0000700003e7a000,0x0000700003f7a000)]
  0x00007fe72743e800 JavaThread "Thread-8" daemon [_thread_blocked, id=70915, stack(0x0000700003d77000,0x0000700003e77000)]
  0x00007fe72743e000 JavaThread "Thread-7" daemon [_thread_blocked, id=59479, stack(0x0000700003c74000,0x0000700003d74000)]
  0x00007fe72744c000 JavaThread "Thread-6" daemon [_thread_blocked, id=71451, stack(0x0000700003b71000,0x0000700003c71000)]
  0x00007fe72426d800 JavaThread "Thread-5" [_thread_blocked, id=72851, stack(0x000070000396b000,0x0000700003a6b000)]
  0x00007fe7243cd800 JavaThread "Timer-0" daemon [_thread_blocked, id=71683, stack(0x0000700003a6e000,0x0000700003b6e000)]
  0x00007fe7279f3800 JavaThread "pool-1-thread-1" [_thread_blocked, id=73323, stack(0x0000700003868000,0x0000700003968000)]
  0x00007fe724a03000 JavaThread "AWT-EventQueue-0" [_thread_blocked, id=52739, stack(0x00007000035df000,0x00007000036df000)]
  0x00007fe7249fc800 JavaThread "Java2D Disposer" daemon [_thread_blocked, id=78859, stack(0x00007000033d9000,0x00007000034d9000)]
=>0x00007fe728287000 JavaThread "Java2D Queue Flusher" daemon [_thread_in_native, id=47167, stack(0x00007000032d6000,0x00007000033d6000)]
  0x00007fe7281f7000 JavaThread "AWT-Shutdown" [_thread_blocked, id=25899, stack(0x0000700002f44000,0x0000700003044000)]
  0x00007fe72425f000 JavaThread "AppKit Thread" daemon [_thread_in_native, id=775, stack(0x00007ffeee215000,0x00007ffeeea15000)]
  0x00007fe728005800 JavaThread "Service Thread" daemon [_thread_blocked, id=16387, stack(0x0000700002d3e000,0x0000700002e3e000)]
  0x00007fe727822800 JavaThread "C1 CompilerThread3" daemon [_thread_blocked, id=16899, stack(0x0000700002c3b000,0x0000700002d3b000)]
  0x00007fe724836800 JavaThread "C2 CompilerThread2" daemon [_thread_blocked, id=15875, stack(0x0000700002b38000,0x0000700002c38000)]
  0x00007fe724835800 JavaThread "C2 CompilerThread1" daemon [_thread_blocked, id=17411, stack(0x0000700002a35000,0x0000700002b35000)]
  0x00007fe724834000 JavaThread "C2 CompilerThread0" daemon [_thread_blocked, id=15107, stack(0x0000700002932000,0x0000700002a32000)]
  0x00007fe72680d800 JavaThread "Signal Dispatcher" daemon [_thread_blocked, id=17923, stack(0x000070000282f000,0x000070000292f000)]
  0x00007fe724833800 JavaThread "Finalizer" daemon [_thread_blocked, id=19203, stack(0x000070000272c000,0x000070000282c000)]
  0x00007fe727015800 JavaThread "Reference Handler" daemon [_thread_blocked, id=12291, stack(0x0000700002629000,0x0000700002729000)]
  0x00007fe726801800 JavaThread "main" [_thread_blocked, id=9475, stack(0x0000700001c0b000,0x0000700001d0b000)]

Other Threads:
  0x00007fe728003000 VMThread [stack: 0x0000700002526000,0x0000700002626000] [id=12035]
  0x00007fe72703d000 WatcherThread [stack: 0x0000700002e41000,0x0000700002f41000] [id=21763]

VM state:not at safepoint (normal execution)

VM Mutex/Monitor currently owned by a thread: None

Heap:
 PSYoungGen      total 465920K, used 8744K [0x0000000795580000, 0x00000007c0000000, 0x00000007c0000000)
  eden space 232960K, 0% used [0x0000000795580000,0x0000000795672ff0,0x00000007a3900000)
  from space 232960K, 3% used [0x00000007a3900000,0x00000007a4097060,0x00000007b1c80000)
  to   space 232960K, 0% used [0x00000007b1c80000,0x00000007b1c80000,0x00000007c0000000)
 ParOldGen       total 1398272K, used 779986K [0x0000000740000000, 0x0000000795580000, 0x0000000795580000)
  object space 1398272K, 55% used [0x0000000740000000,0x000000076f9b4990,0x0000000795580000)
 Metaspace       used 53234K, capacity 54246K, committed 60928K, reserved 1103872K
  class space    used 5750K, capacity 5975K, committed 6144K, reserved 1048576K

Card table byte_map: [0x0000000103757000,0x0000000103b58000] byte_map_base: 0x00000000ffd57000

Marking Bits: (ParMarkBitMap*) 0x0000000102ce8bd0
 Begin Bits: [0x0000000103e03000, 0x0000000105e03000)
 End Bits:   [0x0000000105e03000, 0x0000000107e03000)

Polling page: 0x000000010126f000

CodeCache: size=245760Kb used=49670Kb max_used=57398Kb free=196089Kb
 bounds [0x000000010dc3f000, 0x000000011149f000, 0x000000011cc3f000]
 total_blobs=13820 nmethods=13121 adapters=605
 compilation: enabled

Compilation events (10 events):
Event: 7783.979 Thread 0x00007fe727822800 21274   !   3       java.nio.channels.spi.AbstractSelectableChannel::isRegistered (27 bytes)
Event: 7783.980 Thread 0x00007fe727822800 nmethod 21274 0x000000010e9c1bd0 code [0x000000010e9c1d40, 0x000000010e9c2090]
Event: 8306.769 Thread 0x00007fe727822800 21275       3       java.awt.Component::updateGraphicsData (38 bytes)
Event: 8306.770 Thread 0x00007fe727822800 nmethod 21275 0x000000010e9c11d0 code [0x000000010e9c1380, 0x000000010e9c19e8]
Event: 8464.816 Thread 0x00007fe727822800 21276       3       org.eclipse.jetty.http.HttpField::toString (41 bytes)
Event: 8464.817 Thread 0x00007fe727822800 nmethod 21276 0x000000010e9c0310 code [0x000000010e9c0500, 0x000000010e9c0eb8]
Event: 8464.819 Thread 0x00007fe727822800 21277       3       javax.swing.JViewport::toViewCoordinates (9 bytes)
Event: 8464.819 Thread 0x00007fe727822800 nmethod 21277 0x000000010df95e10 code [0x000000010df95fa0, 0x000000010df962d0]
Event: 8464.954 Thread 0x00007fe727822800 21278       3       org.eclipse.jetty.util.BufferUtil::putDecLong (145 bytes)
Event: 8464.954 Thread 0x00007fe727822800 nmethod 21278 0x000000010ec37950 code [0x000000010ec37b40, 0x000000010ec383a8]

GC Heap History (10 events):
Event: 7626.153 GC heap before
{Heap before GC invocations=203 (full 24):
 PSYoungGen      total 465920K, used 395113K [0x0000000795580000, 0x00000007c0000000, 0x00000007c0000000)
  eden space 232960K, 98% used [0x0000000795580000,0x00000007a36a76d0,0x00000007a3900000)
  from space 232960K, 70% used [0x00000007b1c80000,0x00000007bbd33030,0x00000007c0000000)
  to   space 232960K, 0% used [0x00000007a3900000,0x00000007a3900000,0x00000007b1c80000)
 ParOldGen       total 1398272K, used 594424K [0x0000000740000000, 0x0000000795580000, 0x0000000795580000)
  object space 1398272K, 42% used [0x0000000740000000,0x000000076447e150,0x0000000795580000)
 Metaspace       used 53193K, capacity 54182K, committed 60928K, reserved 1103872K
  class space    used 5750K, capacity 5975K, committed 6144K, reserved 1048576K
Event: 7626.264 GC heap after
Heap after GC invocations=203 (full 24):
 PSYoungGen      total 465920K, used 21312K [0x0000000795580000, 0x00000007c0000000, 0x00000007c0000000)
  eden space 232960K, 0% used [0x0000000795580000,0x0000000795580000,0x00000007a3900000)
  from space 232960K, 9% used [0x00000007a3900000,0x00000007a4dd0150,0x00000007b1c80000)
  to   space 232960K, 0% used [0x00000007b1c80000,0x00000007b1c80000,0x00000007c0000000)
 ParOldGen       total 1398272K, used 754572K [0x0000000740000000, 0x0000000795580000, 0x0000000795580000)
  object space 1398272K, 53% used [0x0000000740000000,0x000000076e0e3160,0x0000000795580000)
 Metaspace       used 53193K, capacity 54182K, committed 60928K, reserved 1103872K
  class space    used 5750K, capacity 5975K, committed 6144K, reserved 1048576K
}
Event: 7688.915 GC heap before
{Heap before GC invocations=204 (full 24):
 PSYoungGen      total 465920K, used 254272K [0x0000000795580000, 0x00000007c0000000, 0x00000007c0000000)
  eden space 232960K, 100% used [0x0000000795580000,0x00000007a3900000,0x00000007a3900000)
  from space 232960K, 9% used [0x00000007a3900000,0x00000007a4dd0150,0x00000007b1c80000)
  to   space 232960K, 0% used [0x00000007b1c80000,0x00000007b1c80000,0x00000007c0000000)
 ParOldGen       total 1398272K, used 777186K [0x0000000740000000, 0x0000000795580000, 0x0000000795580000)
  object space 1398272K, 55% used [0x0000000740000000,0x000000076f6f8ad8,0x0000000795580000)
 Metaspace       used 53211K, capacity 54246K, committed 60928K, reserved 1103872K
  class space    used 5750K, capacity 5975K, committed 6144K, reserved 1048576K
Event: 7688.921 GC heap after
Heap after GC invocations=204 (full 24):
 PSYoungGen      total 465920K, used 1472K [0x0000000795580000, 0x00000007c0000000, 0x00000007c0000000)
  eden space 232960K, 0% used [0x0000000795580000,0x0000000795580000,0x00000007a3900000)
  from space 232960K, 0% used [0x00000007b1c80000,0x00000007b1df0040,0x00000007c0000000)
  to   space 232960K, 0% used [0x00000007a3900000,0x00000007a3900000,0x00000007b1c80000)
 ParOldGen       total 1398272K, used 778618K [0x0000000740000000, 0x0000000795580000, 0x0000000795580000)
  object space 1398272K, 55% used [0x0000000740000000,0x000000076f85e8e0,0x0000000795580000)
 Metaspace       used 53211K, capacity 54246K, committed 60928K, reserved 1103872K
  class space    used 5750K, capacity 5975K, committed 6144K, reserved 1048576K
}
Event: 7866.474 GC heap before
{Heap before GC invocations=205 (full 24):
 PSYoungGen      total 465920K, used 234432K [0x0000000795580000, 0x00000007c0000000, 0x00000007c0000000)
  eden space 232960K, 100% used [0x0000000795580000,0x00000007a3900000,0x00000007a3900000)
  from space 232960K, 0% used [0x00000007b1c80000,0x00000007b1df0040,0x00000007c0000000)
  to   space 232960K, 0% used [0x00000007a3900000,0x00000007a3900000,0x00000007b1c80000)
 ParOldGen       total 1398272K, used 778618K [0x0000000740000000, 0x0000000795580000, 0x0000000795580000)
  object space 1398272K, 55% used [0x0000000740000000,0x000000076f85e8e0,0x0000000795580000)
 Metaspace       used 53231K, capacity 54246K, committed 60928K, reserved 1103872K
  class space    used 5750K, capacity 5975K, committed 6144K, reserved 1048576K
Event: 7866.479 GC heap after
Heap after GC invocations=205 (full 24):
 PSYoungGen      total 465920K, used 1344K [0x0000000795580000, 0x00000007c0000000, 0x00000007c0000000)
  eden space 232960K, 0% used [0x0000000795580000,0x0000000795580000,0x00000007a3900000)
  from space 232960K, 0% used [0x00000007a3900000,0x00000007a3a50040,0x00000007b1c80000)
  to   space 232960K, 0% used [0x00000007b1c80000,0x00000007b1c80000,0x00000007c0000000)
 ParOldGen       total 1398272K, used 778846K [0x0000000740000000, 0x0000000795580000, 0x0000000795580000)
  object space 1398272K, 55% used [0x0000000740000000,0x000000076f897900,0x0000000795580000)
 Metaspace       used 53231K, capacity 54246K, committed 60928K, reserved 1103872K
  class space    used 5750K, capacity 5975K, committed 6144K, reserved 1048576K
}
Event: 8176.256 GC heap before
{Heap before GC invocations=206 (full 24):
 PSYoungGen      total 465920K, used 234304K [0x0000000795580000, 0x00000007c0000000, 0x00000007c0000000)
  eden space 232960K, 100% used [0x0000000795580000,0x00000007a3900000,0x00000007a3900000)
  from space 232960K, 0% used [0x00000007a3900000,0x00000007a3a50040,0x00000007b1c80000)
  to   space 232960K, 0% used [0x00000007b1c80000,0x00000007b1c80000,0x00000007c0000000)
 ParOldGen       total 1398272K, used 778846K [0x0000000740000000, 0x0000000795580000, 0x0000000795580000)
  object space 1398272K, 55% used [0x0000000740000000,0x000000076f897900,0x0000000795580000)
 Metaspace       used 53231K, capacity 54246K, committed 60928K, reserved 1103872K
  class space    used 5750K, capacity 5975K, committed 6144K, reserved 1048576K
Event: 8176.259 GC heap after
Heap after GC invocations=206 (full 24):
 PSYoungGen      total 465920K, used 224K [0x0000000795580000, 0x00000007c0000000, 0x00000007c0000000)
  eden space 232960K, 0% used [0x0000000795580000,0x0000000795580000,0x00000007a3900000)
  from space 232960K, 0% used [0x00000007b1c80000,0x00000007b1cb8000,0x00000007c0000000)
  to   space 232960K, 0% used [0x00000007a3900000,0x00000007a3900000,0x00000007b1c80000)
 ParOldGen       total 1398272K, used 779986K [0x0000000740000000, 0x0000000795580000, 0x0000000795580000)
  object space 1398272K, 55% used [0x0000000740000000,0x000000076f9b4990,0x0000000795580000)
 Metaspace       used 53231K, capacity 54246K, committed 60928K, reserved 1103872K
  class space    used 5750K, capacity 5975K, committed 6144K, reserved 1048576K
}
Event: 8476.399 GC heap before
{Heap before GC invocations=207 (full 24):
 PSYoungGen      total 465920K, used 233184K [0x0000000795580000, 0x00000007c0000000, 0x00000007c0000000)
  eden space 232960K, 100% used [0x0000000795580000,0x00000007a3900000,0x00000007a3900000)
  from space 232960K, 0% used [0x00000007b1c80000,0x00000007b1cb8000,0x00000007c0000000)
  to   space 232960K, 0% used [0x00000007a3900000,0x00000007a3900000,0x00000007b1c80000)
 ParOldGen       total 1398272K, used 779986K [0x0000000740000000, 0x0000000795580000, 0x0000000795580000)
  object space 1398272K, 55% used [0x0000000740000000,0x000000076f9b4990,0x0000000795580000)
 Metaspace       used 53234K, capacity 54246K, committed 60928K, reserved 1103872K
  class space    used 5750K, capacity 5975K, committed 6144K, reserved 1048576K
Event: 8476.402 GC heap after
Heap after GC invocations=207 (full 24):
 PSYoungGen      total 465920K, used 7772K [0x0000000795580000, 0x00000007c0000000, 0x00000007c0000000)
  eden space 232960K, 0% used [0x0000000795580000,0x0000000795580000,0x00000007a3900000)
  from space 232960K, 3% used [0x00000007a3900000,0x00000007a4097060,0x00000007b1c80000)
  to   space 232960K, 0% used [0x00000007b1c80000,0x00000007b1c80000,0x00000007c0000000)
 ParOldGen       total 1398272K, used 779986K [0x0000000740000000, 0x0000000795580000, 0x0000000795580000)
  object space 1398272K, 55% used [0x0000000740000000,0x000000076f9b4990,0x0000000795580000)
 Metaspace       used 53234K, capacity 54246K, committed 60928K, reserved 1103872K
  class space    used 5750K, capacity 5975K, committed 6144K, reserved 1048576K
}

Deoptimization events (10 events):
Event: 7525.709 Thread 0x00007fe732933000 Uncommon trap: reason=unstable_if action=reinterpret pc=0x0000000110fff2c0 method=java.util.Calendar.getSetStateFields()I @ 19
Event: 7618.091 Thread 0x00007fe731057800 Uncommon trap: reason=array_check action=maybe_recompile pc=0x00000001107194a4 method=java.util.ComparableTimSort.reverseRange([Ljava/lang/Object;II)V @ 20
Event: 7618.092 Thread 0x00007fe731057800 Uncommon trap: reason=array_check action=maybe_recompile pc=0x00000001107194a4 method=java.util.ComparableTimSort.reverseRange([Ljava/lang/Object;II)V @ 20
Event: 7618.092 Thread 0x00007fe731057800 Uncommon trap: reason=predicate action=maybe_recompile pc=0x000000010e99f228 method=java.util.ComparableTimSort.mergeLo(IIII)V @ 147
Event: 7622.182 Thread 0x00007fe731057800 Uncommon trap: reason=bimorphic action=maybe_recompile pc=0x000000010fbacc44 method=java.io.InputStream.read([B)I @ 5
Event: 7622.182 Thread 0x00007fe731057800 Uncommon trap: reason=bimorphic action=maybe_recompile pc=0x000000010fbacc44 method=java.io.InputStream.read([B)I @ 5
Event: 7622.182 Thread 0x00007fe731057800 Uncommon trap: reason=bimorphic action=maybe_recompile pc=0x000000010fbacc44 method=java.io.InputStream.read([B)I @ 5
Event: 7622.182 Thread 0x00007fe731057800 Uncommon trap: reason=bimorphic action=maybe_recompile pc=0x000000010fbacc44 method=java.io.InputStream.read([B)I @ 5
Event: 7746.651 Thread 0x00007fe72eafa000 Uncommon trap: reason=unstable_if action=reinterpret pc=0x000000010e19c3c8 method=org.eclipse.jetty.http.HttpGenerator.generateResponse(Lorg/eclipse/jetty/http/HttpGenerator$ResponseInfo;Ljava/nio/ByteBuffer;Ljava/nio/ByteBuffer;Ljava/nio/ByteBuffer;Z)Lor
Event: 7746.651 Thread 0x00007fe72eafa000 Uncommon trap: reason=unstable_if action=reinterpret pc=0x0000000111180790 method=org.eclipse.jetty.server.HttpConnection$SendCallback.process()Lorg/eclipse/jetty/util/IteratingCallback$Action; @ 258

Internal exceptions (10 events):
Event: 7163.941 Thread 0x00007fe7308b5000 Exception <a 'java/lang/NoSuchMethodError': <clinit>> (0x00000007a256dcf0) thrown at [/Users/java_re/workspace/8-2-build-macosx-x86_64/jdk8u92/6642/hotspot/src/share/vm/prims/jni.cpp, line 1613]
Event: 7163.941 Thread 0x00007fe7308b5000 Exception <a 'java/lang/NoSuchMethodError': <clinit>> (0x00000007a2570a78) thrown at [/Users/java_re/workspace/8-2-build-macosx-x86_64/jdk8u92/6642/hotspot/src/share/vm/prims/jni.cpp, line 1613]
Event: 7163.946 Thread 0x00007fe7308b5000 Exception <a 'java/lang/NoSuchMethodError': <clinit>> (0x00000007a2594290) thrown at [/Users/java_re/workspace/8-2-build-macosx-x86_64/jdk8u92/6642/hotspot/src/share/vm/prims/jni.cpp, line 1613]
Event: 7163.946 Thread 0x00007fe7308b5000 Exception <a 'java/lang/NoSuchMethodError': <clinit>> (0x00000007a259b880) thrown at [/Users/java_re/workspace/8-2-build-macosx-x86_64/jdk8u92/6642/hotspot/src/share/vm/prims/jni.cpp, line 1613]
Event: 7163.946 Thread 0x00007fe7308b5000 Exception <a 'java/lang/NoSuchMethodError': <clinit>> (0x00000007a25a6b30) thrown at [/Users/java_re/workspace/8-2-build-macosx-x86_64/jdk8u92/6642/hotspot/src/share/vm/prims/jni.cpp, line 1613]
Event: 7163.946 Thread 0x00007fe7308b5000 Exception <a 'java/lang/NoSuchMethodError': <clinit>> (0x00000007a25aabd0) thrown at [/Users/java_re/workspace/8-2-build-macosx-x86_64/jdk8u92/6642/hotspot/src/share/vm/prims/jni.cpp, line 1613]
Event: 7164.074 Thread 0x00007fe7308b5000 Exception <a 'java/lang/NoSuchMethodError': <clinit>> (0x00000007a3110e20) thrown at [/Users/java_re/workspace/8-2-build-macosx-x86_64/jdk8u92/6642/hotspot/src/share/vm/prims/jni.cpp, line 1613]
Event: 7164.074 Thread 0x00007fe7308b5000 Exception <a 'java/lang/NoSuchMethodError': <clinit>> (0x00000007a3116978) thrown at [/Users/java_re/workspace/8-2-build-macosx-x86_64/jdk8u92/6642/hotspot/src/share/vm/prims/jni.cpp, line 1613]
Event: 7164.198 Thread 0x00007fe7308b5000 Exception <a 'java/lang/NoSuchMethodError': <clinit>> (0x00000007a36f1fd0) thrown at [/Users/java_re/workspace/8-2-build-macosx-x86_64/jdk8u92/6642/hotspot/src/share/vm/prims/jni.cpp, line 1613]
Event: 7324.941 Thread 0x00007fe731057800 Implicit null exception at 0x000000010e2f0404 to 0x000000010e2f04d5

Events (10 events):
Event: 8464.819 Thread 0x00007fe727822800 flushing nmethod 0x000000010e12f510
Event: 8464.819 Thread 0x00007fe727822800 flushing nmethod 0x000000010e1969d0
Event: 8464.820 Thread 0x00007fe727822800 flushing nmethod 0x000000010e1c0bd0
Event: 8464.820 Thread 0x00007fe727822800 flushing nmethod 0x000000010e22ecd0
Event: 8464.951 Executing VM operation: RevokeBias
Event: 8464.951 Executing VM operation: RevokeBias done
Event: 8464.955 Thread 0x00007fe727822800 flushing nmethod 0x000000010e30eb90
Event: 8464.955 Thread 0x00007fe727822800 flushing nmethod 0x000000010e3da050
Event: 8476.399 Executing VM operation: ParallelGCFailedAllocation
Event: 8476.403 Executing VM operation: ParallelGCFailedAllocation done


Dynamic libraries:
0x000000001dbb3000 	/System/Library/Frameworks/Cocoa.framework/Versions/A/Cocoa
0x000000001dbb3000 	/System/Library/Frameworks/Security.framework/Versions/A/Security
0x000000001dbb3000 	/System/Library/Frameworks/ApplicationServices.framework/Versions/A/ApplicationServices
0x000000001dbb3000 	/usr/lib/libz.1.dylib
0x000000001dbb3000 	/usr/lib/libSystem.B.dylib
0x000000001dbb3000 	/usr/lib/libobjc.A.dylib
0x000000001dbb3000 	/System/Library/Frameworks/CoreFoundation.framework/Versions/A/CoreFoundation
0x000000001dbb3000 	/System/Library/Frameworks/Foundation.framework/Versions/C/Foundation
0x000000001dbb3000 	/System/Library/Frameworks/AppKit.framework/Versions/C/AppKit
0x000000001dbb3000 	/System/Library/Frameworks/CoreData.framework/Versions/A/CoreData
0x000000001dbb3000 	/System/Library/PrivateFrameworks/RemoteViewServices.framework/Versions/A/RemoteViewServices
0x000000001dbb3000 	/System/Library/PrivateFrameworks/UIFoundation.framework/Versions/A/UIFoundation
0x000000001dbb3000 	/System/Library/PrivateFrameworks/DFRFoundation.framework/Versions/A/DFRFoundation
0x000000001dbb3000 	/System/Library/Frameworks/Metal.framework/Versions/A/Metal
0x000000001dbb3000 	/System/Library/PrivateFrameworks/DesktopServicesPriv.framework/Versions/A/DesktopServicesPriv
0x000000001dbb3000 	/usr/lib/libenergytrace.dylib
0x000000001dbb3000 	/System/Library/PrivateFrameworks/SkyLight.framework/Versions/A/SkyLight
0x000000001dbb3000 	/System/Library/Frameworks/CoreGraphics.framework/Versions/A/CoreGraphics
0x000000001dbb3000 	/usr/lib/libScreenReader.dylib
0x000000001dbb3000 	/System/Library/Frameworks/Accelerate.framework/Versions/A/Accelerate
0x000000001dbb3000 	/System/Library/Frameworks/IOSurface.framework/Versions/A/IOSurface
0x000000001dbb3000 	/System/Library/Frameworks/AudioToolbox.framework/Versions/A/AudioToolbox
0x000000001dbb3000 	/System/Library/Frameworks/AudioUnit.framework/Versions/A/AudioUnit
0x000000001dbb3000 	/System/Library/PrivateFrameworks/DataDetectorsCore.framework/Versions/A/DataDetectorsCore
0x000000001dbb3000 	/System/Library/Frameworks/Carbon.framework/Versions/A/Frameworks/HIToolbox.framework/Versions/A/HIToolbox
0x000000001dbb3000 	/usr/lib/libicucore.A.dylib
0x000000001dbb3000 	/System/Library/Frameworks/QuartzCore.framework/Versions/A/QuartzCore
0x000000001dbb3000 	/System/Library/Frameworks/Carbon.framework/Versions/A/Frameworks/SpeechRecognition.framework/Versions/A/SpeechRecognition
0x000000001dbb3000 	/usr/lib/libauto.dylib
0x000000001dbb3000 	/usr/lib/libxml2.2.dylib
0x000000001dbb3000 	/System/Library/PrivateFrameworks/CoreUI.framework/Versions/A/CoreUI
0x000000001dbb3000 	/System/Library/Frameworks/CoreAudio.framework/Versions/A/CoreAudio
0x000000001dbb3000 	/System/Library/Frameworks/DiskArbitration.framework/Versions/A/DiskArbitration
0x000000001dbb3000 	/usr/lib/liblangid.dylib
0x000000001dbb3000 	/System/Library/PrivateFrameworks/MultitouchSupport.framework/Versions/A/MultitouchSupport
0x000000001dbb3000 	/System/Library/Frameworks/IOKit.framework/Versions/A/IOKit
0x000000001dbb3000 	/usr/lib/libDiagnosticMessagesClient.dylib
0x000000001dbb3000 	/System/Library/Frameworks/CoreServices.framework/Versions/A/CoreServices
0x000000001dbb3000 	/System/Library/PrivateFrameworks/PerformanceAnalysis.framework/Versions/A/PerformanceAnalysis
0x000000001dbb3000 	/System/Library/Frameworks/OpenGL.framework/Versions/A/OpenGL
0x000000001dbb3000 	/System/Library/Frameworks/ColorSync.framework/Versions/A/ColorSync
0x000000001dbb3000 	/System/Library/Frameworks/CoreImage.framework/Versions/A/CoreImage
0x000000001dbb3000 	/System/Library/Frameworks/CoreText.framework/Versions/A/CoreText
0x000000001dbb3000 	/System/Library/Frameworks/ImageIO.framework/Versions/A/ImageIO
0x000000001dbb3000 	/System/Library/PrivateFrameworks/Backup.framework/Versions/A/Backup
0x000000001dbb3000 	/usr/lib/libarchive.2.dylib
0x000000001dbb3000 	/System/Library/Frameworks/CFNetwork.framework/Versions/A/CFNetwork
0x000000001dbb3000 	/System/Library/Frameworks/SystemConfiguration.framework/Versions/A/SystemConfiguration
0x000000001dbb3000 	/usr/lib/libCRFSuite.dylib
0x000000001dbb3000 	/usr/lib/libc++.1.dylib
0x000000001dbb3000 	/usr/lib/libc++abi.dylib
0x000000001dbb3000 	/usr/lib/system/libcache.dylib
0x000000001dbb3000 	/usr/lib/system/libcommonCrypto.dylib
0x000000001dbb3000 	/usr/lib/system/libcompiler_rt.dylib
0x000000001dbb3000 	/usr/lib/system/libcopyfile.dylib
0x000000001dbb3000 	/usr/lib/system/libcorecrypto.dylib
0x000000001dbb3000 	/usr/lib/system/libdispatch.dylib
0x000000001dbb3000 	/usr/lib/system/libdyld.dylib
0x000000001dbb3000 	/usr/lib/system/libkeymgr.dylib
0x000000001dbb3000 	/usr/lib/system/liblaunch.dylib
0x000000001dbb3000 	/usr/lib/system/libmacho.dylib
0x000000001dbb3000 	/usr/lib/system/libquarantine.dylib
0x000000001dbb3000 	/usr/lib/system/libremovefile.dylib
0x000000001dbb3000 	/usr/lib/system/libsystem_asl.dylib
0x000000001dbb3000 	/usr/lib/system/libsystem_blocks.dylib
0x000000001dbb3000 	/usr/lib/system/libsystem_c.dylib
0x000000001dbb3000 	/usr/lib/system/libsystem_configuration.dylib
0x000000001dbb3000 	/usr/lib/system/libsystem_coreservices.dylib
0x000000001dbb3000 	/usr/lib/system/libsystem_darwin.dylib
0x000000001dbb3000 	/usr/lib/system/libsystem_dnssd.dylib
0x000000001dbb3000 	/usr/lib/system/libsystem_info.dylib
0x000000001dbb3000 	/usr/lib/system/libsystem_m.dylib
0x000000001dbb3000 	/usr/lib/system/libsystem_malloc.dylib
0x000000001dbb3000 	/usr/lib/system/libsystem_network.dylib
0x000000001dbb3000 	/usr/lib/system/libsystem_networkextension.dylib
0x000000001dbb3000 	/usr/lib/system/libsystem_notify.dylib
0x000000001dbb3000 	/usr/lib/system/libsystem_sandbox.dylib
0x000000001dbb3000 	/usr/lib/system/libsystem_secinit.dylib
0x000000001dbb3000 	/usr/lib/system/libsystem_kernel.dylib
0x000000001dbb3000 	/usr/lib/system/libsystem_platform.dylib
0x000000001dbb3000 	/usr/lib/system/libsystem_pthread.dylib
0x000000001dbb3000 	/usr/lib/system/libsystem_symptoms.dylib
0x000000001dbb3000 	/usr/lib/system/libsystem_trace.dylib
0x000000001dbb3000 	/usr/lib/system/libunwind.dylib
0x000000001dbb3000 	/usr/lib/system/libxpc.dylib
0x000000001dbb3000 	/usr/lib/closure/libclosured.dylib
0x000000001dbb3000 	/usr/lib/libbsm.0.dylib
0x000000001dbb3000 	/usr/lib/system/libkxld.dylib
0x000000001dbb3000 	/usr/lib/libOpenScriptingUtil.dylib
0x000000001dbb3000 	/usr/lib/libcoretls.dylib
0x000000001dbb3000 	/usr/lib/libcoretls_cfhelpers.dylib
0x000000001dbb3000 	/usr/lib/libpam.2.dylib
0x000000001dbb3000 	/usr/lib/libsqlite3.dylib
0x000000001dbb3000 	/usr/lib/libxar.1.dylib
0x000000001dbb3000 	/usr/lib/libbz2.1.0.dylib
0x000000001dbb3000 	/usr/lib/liblzma.5.dylib
0x000000001dbb3000 	/usr/lib/libnetwork.dylib
0x000000001dbb3000 	/usr/lib/libapple_nghttp2.dylib
0x000000001dbb3000 	/usr/lib/libpcap.A.dylib
0x000000001dbb3000 	/usr/lib/libboringssl.dylib
0x000000001dbb3000 	/usr/lib/libusrtcp.dylib
0x000000001dbb3000 	/usr/lib/libapple_crypto.dylib
0x000000001dbb3000 	/System/Library/Frameworks/CoreServices.framework/Versions/A/Frameworks/FSEvents.framework/Versions/A/FSEvents
0x000000001dbb3000 	/System/Library/Frameworks/CoreServices.framework/Versions/A/Frameworks/CarbonCore.framework/Versions/A/CarbonCore
0x000000001dbb3000 	/System/Library/Frameworks/CoreServices.framework/Versions/A/Frameworks/Metadata.framework/Versions/A/Metadata
0x000000001dbb3000 	/System/Library/Frameworks/CoreServices.framework/Versions/A/Frameworks/OSServices.framework/Versions/A/OSServices
0x000000001dbb3000 	/System/Library/Frameworks/CoreServices.framework/Versions/A/Frameworks/SearchKit.framework/Versions/A/SearchKit
0x000000001dbb3000 	/System/Library/Frameworks/CoreServices.framework/Versions/A/Frameworks/AE.framework/Versions/A/AE
0x000000001dbb3000 	/System/Library/Frameworks/CoreServices.framework/Versions/A/Frameworks/LaunchServices.framework/Versions/A/LaunchServices
0x000000001dbb3000 	/System/Library/Frameworks/CoreServices.framework/Versions/A/Frameworks/DictionaryServices.framework/Versions/A/DictionaryServices
0x000000001dbb3000 	/System/Library/Frameworks/CoreServices.framework/Versions/A/Frameworks/SharedFileList.framework/Versions/A/SharedFileList
0x000000001dbb3000 	/System/Library/Frameworks/NetFS.framework/Versions/A/NetFS
0x000000001dbb3000 	/System/Library/PrivateFrameworks/NetAuth.framework/Versions/A/NetAuth
0x000000001dbb3000 	/System/Library/PrivateFrameworks/login.framework/Versions/A/Frameworks/loginsupport.framework/Versions/A/loginsupport
0x000000001dbb3000 	/System/Library/PrivateFrameworks/TCC.framework/Versions/A/TCC
0x000000001dbb3000 	/usr/lib/libmecabra.dylib
0x000000001dbb3000 	/System/Library/Frameworks/ApplicationServices.framework/Versions/A/Frameworks/ATS.framework/Versions/A/ATS
0x000000001dbb3000 	/System/Library/Frameworks/ApplicationServices.framework/Versions/A/Frameworks/ColorSyncLegacy.framework/Versions/A/ColorSyncLegacy
0x000000001dbb3000 	/System/Library/Frameworks/ApplicationServices.framework/Versions/A/Frameworks/HIServices.framework/Versions/A/HIServices
0x000000001dbb3000 	/System/Library/Frameworks/ApplicationServices.framework/Versions/A/Frameworks/LangAnalysis.framework/Versions/A/LangAnalysis
0x000000001dbb3000 	/System/Library/Frameworks/ApplicationServices.framework/Versions/A/Frameworks/PrintCore.framework/Versions/A/PrintCore
0x000000001dbb3000 	/System/Library/Frameworks/ApplicationServices.framework/Versions/A/Frameworks/QD.framework/Versions/A/QD
0x000000001dbb3000 	/System/Library/Frameworks/ApplicationServices.framework/Versions/A/Frameworks/SpeechSynthesis.framework/Versions/A/SpeechSynthesis
0x000000001dbb3000 	/System/Library/Frameworks/CoreDisplay.framework/Versions/A/CoreDisplay
0x000000001dbb3000 	/System/Library/Frameworks/Accelerate.framework/Versions/A/Frameworks/vImage.framework/Versions/A/vImage
0x000000001dbb3000 	/System/Library/Frameworks/Accelerate.framework/Versions/A/Frameworks/vecLib.framework/Versions/A/vecLib
0x000000001dbb3000 	/System/Library/Frameworks/Accelerate.framework/Versions/A/Frameworks/vecLib.framework/Versions/A/libvDSP.dylib
0x000000001dbb3000 	/System/Library/Frameworks/Accelerate.framework/Versions/A/Frameworks/vecLib.framework/Versions/A/libBNNS.dylib
0x000000001dbb3000 	/System/Library/Frameworks/Accelerate.framework/Versions/A/Frameworks/vecLib.framework/Versions/A/libQuadrature.dylib
0x000000001dbb3000 	/System/Library/Frameworks/Accelerate.framework/Versions/A/Frameworks/vecLib.framework/Versions/A/libvMisc.dylib
0x000000001dbb3000 	/System/Library/Frameworks/Accelerate.framework/Versions/A/Frameworks/vecLib.framework/Versions/A/libLAPACK.dylib
0x000000001dbb3000 	/System/Library/Frameworks/Accelerate.framework/Versions/A/Frameworks/vecLib.framework/Versions/A/libBLAS.dylib
0x000000001dbb3000 	/System/Library/Frameworks/Accelerate.framework/Versions/A/Frameworks/vecLib.framework/Versions/A/libLinearAlgebra.dylib
0x000000001dbb3000 	/System/Library/Frameworks/Accelerate.framework/Versions/A/Frameworks/vecLib.framework/Versions/A/libSparse.dylib
0x000000001dbb3000 	/System/Library/Frameworks/Accelerate.framework/Versions/A/Frameworks/vecLib.framework/Versions/A/libSparseBLAS.dylib
0x000000001dbb3000 	/System/Library/PrivateFrameworks/IOAccelerator.framework/Versions/A/IOAccelerator
0x000000001dbb3000 	/System/Library/PrivateFrameworks/IOPresentment.framework/Versions/A/IOPresentment
0x000000001dbb3000 	/System/Library/PrivateFrameworks/DSExternalDisplay.framework/Versions/A/DSExternalDisplay
0x000000001dbb3000 	/System/Library/Frameworks/OpenGL.framework/Versions/A/Libraries/libCoreFSCache.dylib
0x000000001dbb3000 	/System/Library/Frameworks/CoreVideo.framework/Versions/A/CoreVideo
0x000000001dbb3000 	/System/Library/PrivateFrameworks/GraphVisualizer.framework/Versions/A/GraphVisualizer
0x000000001dbb3000 	/System/Library/Frameworks/MetalPerformanceShaders.framework/Versions/A/MetalPerformanceShaders
0x000000001dbb3000 	/usr/lib/libFosl_dynamic.dylib
0x000000001dbb3000 	/System/Library/PrivateFrameworks/FaceCore.framework/Versions/A/FaceCore
0x000000001dbb3000 	/System/Library/Frameworks/OpenCL.framework/Versions/A/OpenCL
0x000000001dbb3000 	/usr/lib/libcompression.dylib
0x000000001dbb3000 	/System/Library/Frameworks/ApplicationServices.framework/Versions/A/Frameworks/ATS.framework/Versions/A/Resources/libFontParser.dylib
0x000000001dbb3000 	/System/Library/Frameworks/ApplicationServices.framework/Versions/A/Frameworks/ATS.framework/Versions/A/Resources/libFontRegistry.dylib
0x000000001dbb3000 	/System/Library/Frameworks/ImageIO.framework/Versions/A/Resources/libJPEG.dylib
0x000000001dbb3000 	/System/Library/Frameworks/ImageIO.framework/Versions/A/Resources/libTIFF.dylib
0x000000001dbb3000 	/System/Library/Frameworks/ImageIO.framework/Versions/A/Resources/libPng.dylib
0x000000001dbb3000 	/System/Library/Frameworks/ImageIO.framework/Versions/A/Resources/libGIF.dylib
0x000000001dbb3000 	/System/Library/Frameworks/ImageIO.framework/Versions/A/Resources/libJP2.dylib
0x000000001dbb3000 	/System/Library/Frameworks/ImageIO.framework/Versions/A/Resources/libRadiance.dylib
0x000000001dbb3000 	/System/Library/PrivateFrameworks/AppleJPEG.framework/Versions/A/AppleJPEG
0x000000001dbb3000 	/System/Library/PrivateFrameworks/MetalTools.framework/Versions/A/MetalTools
0x000000001dbb3000 	/System/Library/Frameworks/MetalPerformanceShaders.framework/Frameworks/MPSCore.framework/Versions/A/MPSCore
0x000000001dbb3000 	/System/Library/Frameworks/MetalPerformanceShaders.framework/Frameworks/MPSImage.framework/Versions/A/MPSImage
0x000000001dbb3000 	/System/Library/Frameworks/MetalPerformanceShaders.framework/Frameworks/MPSMatrix.framework/Versions/A/MPSMatrix
0x000000001dbb3000 	/System/Library/Frameworks/MetalPerformanceShaders.framework/Frameworks/MPSNeuralNetwork.framework/Versions/A/MPSNeuralNetwork
0x000000001dbb3000 	/System/Library/Frameworks/OpenGL.framework/Versions/A/Libraries/libGLU.dylib
0x000000001dbb3000 	/System/Library/Frameworks/OpenGL.framework/Versions/A/Libraries/libGFXShared.dylib
0x000000001dbb3000 	/System/Library/Frameworks/OpenGL.framework/Versions/A/Libraries/libGL.dylib
0x000000001dbb3000 	/System/Library/Frameworks/OpenGL.framework/Versions/A/Libraries/libGLImage.dylib
0x000000001dbb3000 	/System/Library/Frameworks/OpenGL.framework/Versions/A/Libraries/libCVMSPluginSupport.dylib
0x000000001dbb3000 	/System/Library/Frameworks/OpenGL.framework/Versions/A/Libraries/libCoreVMClient.dylib
0x000000001dbb3000 	/usr/lib/libcups.2.dylib
0x000000001dbb3000 	/System/Library/Frameworks/Kerberos.framework/Versions/A/Kerberos
0x000000001dbb3000 	/System/Library/Frameworks/GSS.framework/Versions/A/GSS
0x000000001dbb3000 	/usr/lib/libresolv.9.dylib
0x000000001dbb3000 	/usr/lib/libiconv.2.dylib
0x000000001dbb3000 	/System/Library/PrivateFrameworks/Heimdal.framework/Versions/A/Heimdal
0x000000001dbb3000 	/usr/lib/libheimdal-asn1.dylib
0x000000001dbb3000 	/System/Library/Frameworks/OpenDirectory.framework/Versions/A/OpenDirectory
0x000000001dbb3000 	/System/Library/PrivateFrameworks/CommonAuth.framework/Versions/A/CommonAuth
0x000000001dbb3000 	/System/Library/Frameworks/OpenDirectory.framework/Versions/A/Frameworks/CFOpenDirectory.framework/Versions/A/CFOpenDirectory
0x000000001dbb3000 	/System/Library/Frameworks/SecurityFoundation.framework/Versions/A/SecurityFoundation
0x000000001dbb3000 	/System/Library/PrivateFrameworks/APFS.framework/Versions/A/APFS
0x000000001dbb3000 	/usr/lib/libutil.dylib
0x000000001dbb3000 	/System/Library/PrivateFrameworks/AppleSauce.framework/Versions/A/AppleSauce
0x000000001dbb3000 	/System/Library/PrivateFrameworks/LinguisticData.framework/Versions/A/LinguisticData
0x000000001dbb3000 	/usr/lib/libmarisa.dylib
0x000000001dbb3000 	/System/Library/PrivateFrameworks/Lexicon.framework/Versions/A/Lexicon
0x000000001dbb3000 	/usr/lib/libChineseTokenizer.dylib
0x000000001dbb3000 	/usr/lib/libcmph.dylib
0x000000001dbb3000 	/System/Library/PrivateFrameworks/LanguageModeling.framework/Versions/A/LanguageModeling
0x000000001dbb3000 	/System/Library/PrivateFrameworks/CoreEmoji.framework/Versions/A/CoreEmoji
0x000000001dbb3000 	/System/Library/Frameworks/ServiceManagement.framework/Versions/A/ServiceManagement
0x000000001dbb3000 	/System/Library/PrivateFrameworks/BackgroundTaskManagement.framework/Versions/A/BackgroundTaskManagement
0x000000001dbb3000 	/usr/lib/libxslt.1.dylib
0x000000001dbb3000 	/System/Library/Frameworks/Carbon.framework/Versions/A/Frameworks/Ink.framework/Versions/A/Ink
0x000000001dbb3000 	/System/Library/PrivateFrameworks/TextureIO.framework/Versions/A/TextureIO
0x000000001dbb3000 	/usr/lib/libate.dylib
0x000000001dbb3000 	/System/Library/PrivateFrameworks/CrashReporterSupport.framework/Versions/A/CrashReporterSupport
0x000000001dbb3000 	/System/Library/PrivateFrameworks/Sharing.framework/Versions/A/Sharing
0x000000001dbb3000 	/System/Library/PrivateFrameworks/IconServices.framework/Versions/A/IconServices
0x000000001dbb3000 	/System/Library/PrivateFrameworks/ProtocolBuffer.framework/Versions/A/ProtocolBuffer
0x000000001dbb3000 	/System/Library/PrivateFrameworks/Apple80211.framework/Versions/A/Apple80211
0x000000001dbb3000 	/System/Library/Frameworks/CoreWLAN.framework/Versions/A/CoreWLAN
0x000000001dbb3000 	/System/Library/PrivateFrameworks/CoreUtils.framework/Versions/A/CoreUtils
0x000000001dbb3000 	/System/Library/Frameworks/IOBluetooth.framework/Versions/A/IOBluetooth
0x000000001dbb3000 	/System/Library/PrivateFrameworks/CoreWiFi.framework/Versions/A/CoreWiFi
0x000000001dbb3000 	/System/Library/Frameworks/CoreBluetooth.framework/Versions/A/CoreBluetooth
0x000000001dbb3000 	/System/Library/PrivateFrameworks/SignpostNotification.framework/Versions/A/SignpostNotification
0x000000001dbb3000 	/System/Library/PrivateFrameworks/DebugSymbols.framework/Versions/A/DebugSymbols
0x000000001dbb3000 	/System/Library/PrivateFrameworks/CoreSymbolication.framework/Versions/A/CoreSymbolication
0x000000001dbb3000 	/System/Library/PrivateFrameworks/Symbolication.framework/Versions/A/Symbolication
0x000000001dbb3000 	/System/Library/PrivateFrameworks/AppleFSCompression.framework/Versions/A/AppleFSCompression
0x000000001dbb3000 	/System/Library/PrivateFrameworks/SpeechRecognitionCore.framework/Versions/A/SpeechRecognitionCore
0x0000000102400000 	/Library/Java/JavaVirtualMachines/jdk1.8.0_92.jdk/Contents/Home/jre/lib/server/libjvm.dylib
0x000000001dbb3000 	/usr/lib/libstdc++.6.0.9.dylib
0x000000010122c000 	/Library/Java/JavaVirtualMachines/jdk1.8.0_92.jdk/Contents/Home/jre/lib/libverify.dylib
0x000000010123a000 	/Library/Java/JavaVirtualMachines/jdk1.8.0_92.jdk/Contents/Home/jre/lib/libjava.dylib
0x00000001012b9000 	/Library/Java/JavaVirtualMachines/jdk1.8.0_92.jdk/Contents/Home/jre/lib/libzip.dylib
0x000000001dbb3000 	/System/Library/Frameworks/JavaVM.framework/Versions/A/Frameworks/JavaRuntimeSupport.framework/Versions/A/JavaRuntimeSupport
0x000000001dbb3000 	/System/Library/Frameworks/JavaVM.framework/Versions/A/Frameworks/JavaNativeFoundation.framework/Versions/A/JavaNativeFoundation
0x000000001dbb3000 	/System/Library/Frameworks/JavaVM.framework/Versions/A/JavaVM
0x000000001dbb3000 	/System/Library/Frameworks/Carbon.framework/Versions/A/Carbon
0x000000001dbb3000 	/System/Library/PrivateFrameworks/JavaLaunching.framework/Versions/A/JavaLaunching
0x000000001dbb3000 	/System/Library/Frameworks/Carbon.framework/Versions/A/Frameworks/CommonPanels.framework/Versions/A/CommonPanels
0x000000001dbb3000 	/System/Library/Frameworks/Carbon.framework/Versions/A/Frameworks/Help.framework/Versions/A/Help
0x000000001dbb3000 	/System/Library/Frameworks/Carbon.framework/Versions/A/Frameworks/ImageCapture.framework/Versions/A/ImageCapture
0x000000001dbb3000 	/System/Library/Frameworks/Carbon.framework/Versions/A/Frameworks/OpenScripting.framework/Versions/A/OpenScripting
0x000000001dbb3000 	/System/Library/Frameworks/Carbon.framework/Versions/A/Frameworks/Print.framework/Versions/A/Print
0x000000001dbb3000 	/System/Library/Frameworks/Carbon.framework/Versions/A/Frameworks/SecurityHI.framework/Versions/A/SecurityHI
0x000000010c4ba000 	/Library/Java/JavaVirtualMachines/jdk1.8.0_92.jdk/Contents/Home/jre/lib/libnet.dylib
0x000000010cc39000 	/Library/Java/JavaVirtualMachines/jdk1.8.0_92.jdk/Contents/Home/jre/lib/libawt.dylib
0x000000010cce1000 	/Library/Java/JavaVirtualMachines/jdk1.8.0_92.jdk/Contents/Home/jre/lib/./libmlib_image.dylib
0x000000010cdad000 	/Library/Java/JavaVirtualMachines/jdk1.8.0_92.jdk/Contents/Home/jre/lib/libawt_lwawt.dylib
0x000000010ce62000 	/Library/Java/JavaVirtualMachines/jdk1.8.0_92.jdk/Contents/Home/jre/lib/./libosxapp.dylib
0x000000001dbb3000 	/System/Library/Frameworks/ExceptionHandling.framework/Versions/A/ExceptionHandling
0x000000001dbb3000 	/System/Library/PrivateFrameworks/CoreServicesInternal.framework/Versions/A/CoreServicesInternal
0x000000001dbb3000 	/System/Library/CoreServices/RawCamera.bundle/Contents/MacOS/RawCamera
0x000000001dbb3000 	/System/Library/PrivateFrameworks/MobileAsset.framework/Versions/A/MobileAsset
0x000000001dbb3000 	/System/Library/PrivateFrameworks/StreamingZip.framework/Versions/A/StreamingZip
0x000000001dbb3000 	/System/Library/Frameworks/MediaToolbox.framework/Versions/A/MediaToolbox
0x000000001dbb3000 	/System/Library/PrivateFrameworks/CoreAVCHD.framework/Versions/A/CoreAVCHD
0x000000001dbb3000 	/System/Library/Frameworks/MediaAccessibility.framework/Versions/A/MediaAccessibility
0x000000001dbb3000 	/System/Library/PrivateFrameworks/Mangrove.framework/Versions/A/Mangrove
0x000000001dbb3000 	/System/Library/Frameworks/CoreMedia.framework/Versions/A/CoreMedia
0x000000001dbb3000 	/System/Library/Frameworks/VideoToolbox.framework/Versions/A/VideoToolbox
0x000000001dbb3000 	/System/Library/PrivateFrameworks/CoreAUC.framework/Versions/A/CoreAUC
0x000000001dbb3000 	/usr/lib/libspindump.dylib
0x000000001dbb3000 	/usr/lib/libdscsym.dylib
0x000000001dbb3000 	/System/Library/PrivateFrameworks/AppleVA.framework/Versions/A/AppleVA
0x000000001dbb3000 	/System/Library/Frameworks/Accelerate.framework/Versions/A/Frameworks/vImage.framework/Versions/A/Libraries/libCGInterfaces.dylib
0x000000001dbb3000 	/System/Library/Frameworks/ApplicationServices.framework/Versions/A/Frameworks/ATS.framework/Versions/A/Resources/libTrueTypeScaler.dylib
0x000000001dbb3000 	/System/Library/Frameworks/OpenGL.framework/Versions/A/Resources/GLEngine.bundle/GLEngine
0x000000001dbb3000 	/System/Library/Frameworks/OpenGL.framework/Versions/A/Libraries/libGLProgrammability.dylib
0x000000011dfb7000 	/System/Library/Extensions/AppleIntelHD4000GraphicsGLDriver.bundle/Contents/MacOS/AppleIntelHD4000GraphicsGLDriver
0x000000001dbb3000 	/System/Library/PrivateFrameworks/GPUSupport.framework/Versions/A/Libraries/libGPUSupportMercury.dylib
0x000000001dbb3000 	/System/Library/Frameworks/OpenGL.framework/Versions/A/Resources/GLRendererFloat.bundle/GLRendererFloat
0x000000001dbb3000 	/System/Library/Frameworks/OpenCL.framework/Versions/A/Libraries/libcldcpuengine.dylib
0x000000001dbb3000 	/usr/lib/libcrypto.35.dylib
0x000000001dbb3000 	/System/Library/PrivateFrameworks/TrustEvaluationAgent.framework/Versions/A/TrustEvaluationAgent
0x000000001dbb3000 	/System/Library/Extensions/AppleIntelHD4000GraphicsMTLDriver.bundle/Contents/MacOS/AppleIntelHD4000GraphicsMTLDriver
0x000000001dbb3000 	/System/Library/PrivateFrameworks/GPUCompiler.framework/Versions/3802/Libraries/libmetal_timestamp.dylib
0x000000001dbb3000 	/System/Library/PrivateFrameworks/FamilyControls.framework/Versions/A/FamilyControls
0x000000001dbb3000 	/System/Library/PrivateFrameworks/CommerceKit.framework/Versions/A/Frameworks/CommerceCore.framework/Versions/A/CommerceCore
0x000000001dbb3000 	/System/Library/PrivateFrameworks/SystemAdministration.framework/Versions/A/SystemAdministration
0x000000001dbb3000 	/System/Library/PrivateFrameworks/AppContainer.framework/Versions/A/AppContainer
0x000000001dbb3000 	/System/Library/PrivateFrameworks/SecCodeWrapper.framework/Versions/A/SecCodeWrapper
0x000000001dbb3000 	/System/Library/PrivateFrameworks/DiskManagement.framework/Versions/A/DiskManagement
0x000000001dbb3000 	/System/Library/Frameworks/DirectoryService.framework/Versions/A/DirectoryService
0x000000001dbb3000 	/System/Library/PrivateFrameworks/DiskImages.framework/Versions/A/DiskImages
0x000000001dbb3000 	/System/Library/PrivateFrameworks/LoginUIKit.framework/Versions/A/Frameworks/LoginUICore.framework/Versions/A/LoginUICore
0x000000001dbb3000 	/usr/lib/libCoreStorage.dylib
0x000000001dbb3000 	/usr/lib/libcsfde.dylib
0x000000001dbb3000 	/usr/lib/libodfde.dylib
0x000000001dbb3000 	/System/Library/PrivateFrameworks/MediaKit.framework/Versions/A/MediaKit
0x000000001dbb3000 	/System/Library/Frameworks/DiscRecording.framework/Versions/A/DiscRecording
0x000000001dbb3000 	/System/Library/PrivateFrameworks/EFILogin.framework/Versions/A/EFILogin
0x000000001dbb3000 	/System/Library/PrivateFrameworks/ProtectedCloudStorage.framework/Versions/A/ProtectedCloudStorage
0x000000001dbb3000 	/usr/lib/libcurl.4.dylib
0x000000001dbb3000 	/usr/lib/libssl.35.dylib
0x000000001dbb3000 	/System/Library/Frameworks/LDAP.framework/Versions/A/LDAP
0x000000001dbb3000 	/usr/lib/libsasl2.2.dylib
0x000000001dbb3000 	/System/Library/PrivateFrameworks/CoreDaemon.framework/Versions/B/CoreDaemon
0x000000001dbb3000 	/System/Library/PrivateFrameworks/AppleSRP.framework/Versions/A/AppleSRP
0x000000011efe8000 	/Library/Java/JavaVirtualMachines/jdk1.8.0_92.jdk/Contents/Home/jre/lib/libfontmanager.dylib
0x000000001dbb3000 	/System/Library/PrivateFrameworks/ViewBridge.framework/Versions/A/ViewBridge
0x000000011f2d0000 	/Library/Java/JavaVirtualMachines/jdk1.8.0_92.jdk/Contents/Home/jre/lib/libnio.dylib
0x000000011f2e0000 	/Library/Java/JavaVirtualMachines/jdk1.8.0_92.jdk/Contents/Home/jre/lib/libosxui.dylib
0x000000010c7e6000 	/Library/Java/JavaVirtualMachines/jdk1.8.0_92.jdk/Contents/Home/jre/lib/libosx.dylib
0x000000010c3b4000 	/Library/Java/JavaVirtualMachines/jdk1.8.0_92.jdk/Contents/Home/jre/lib/libmanagement.dylib
0x000000010c9e8000 	/Library/Java/JavaVirtualMachines/jdk1.8.0_92.jdk/Contents/Home/jre/lib/libsunec.dylib
0x0000000153858000 	/private/var/folders/6j/3cj02hx529b7nn524nxgnl280000gn/T/libjsass-5796318861077398908/libjsass.dylib

VM Arguments:
jvm_args: -Dgwt.persistentunitcachedir=../build/gwt/devModeCache -Xmx2048m -Dfile.encoding=UTF-8 -Duser.country=US -Duser.language=en -Duser.variant 
java_command: com.google.gwt.dev.DevMode -logLevel INFO -codeServerPort 9997 -port 8888 -bindAddress mini -superDevMode -war /Users/lac/wc/ggb-svn/geogebra/web/war org.geogebra.web.SuperWeb
java_class_path (initial): /Users/lac/wc/ggb-svn/geogebra/web/dev/src/main/resources:/Users/lac/wc/ggb-svn/geogebra/web/dev/src/main/java:/Users/lac/wc/ggb-svn/geogebra/common/src/main/resources:/Users/lac/wc/ggb-svn/geogebra/common/src/nonfree/resources:/Users/lac/wc/ggb-svn/geogebra/common/src/main/java:/Users/lac/wc/ggb-svn/geogebra/common/build/generated/javacc:/Users/lac/wc/ggb-svn/geogebra/common/src/main/javacc:/Users/lac/wc/ggb-svn/geogebra/ggbjdk/src/main/java:/Users/lac/wc/ggb-svn/geogebra/retex/editor-web/src/main/resources:/Users/lac/wc/ggb-svn/geogebra/retex/editor-web/src/main/java:/Users/lac/wc/ggb-svn/geogebra/keyboard-web/src/main/resources:/Users/lac/wc/ggb-svn/geogebra/keyboard-web/src/main/java:/Users/lac/wc/ggb-svn/geogebra/keyboard-web/build/libs/keyboard-web.jar:/Users/lac/wc/ggb-svn/geogebra/keyboard-base/src/main/resources:/Users/lac/wc/ggb-svn/geogebra/keyboard-base/src/main/java:/Users/lac/wc/ggb-svn/geogebra/web/dev/build/libs/dev.jar:/Users/lac/wc/ggb-svn/geogebra/ggbjdk/build/libs/ggbjdk.jar:/Users/lac/wc/ggb-svn/geogebra/common/build/libs/common.jar:/Users/lac/wc/ggb-svn/geogebra/retex/editor-web/build/libs/editor-web.jar:/Users/lac/wc/ggb-svn/geogebra/retex/editor-base/src/main/java:/Users/lac/wc/ggb-svn/geogebra/retex/renderer-web/src/main/java:/Users/lac/wc/ggb-svn/geogebra/retex/editor-base/build/libs/editor-base-0.1.jar:/Users/lac/wc/ggb-svn/geogebra/retex/renderer-web/build/libs/renderer-web.jar:/Users/lac/wc/ggb-svn/geogebra/retex/renderer-base/src/main/java:/Users/lac/wc/ggb-svn/geogebra/retex/renderer-base/build/libs/renderer-base-0.1.jar:/Users/lac/.gradle/caches/modules-2/files-2.1/com.googlecode.gwtphonegap/gwtphonegap/3.5.0.1/d6012bc1811212768e35615addff757677745b21/gwtphonegap-3.5.0.1.jar:/Users/lac/.gradle/caches/modules-2/files-2.1/com.googlecode/gwtgl/0.9.1/aef1376fb62f9bb9c4f2120f2ff06b82a7c4bcb4/gwtgl-0.9.1.jar:/Users/lac/.gradle/caches/modules-2/files-2.1/com.googlecode/gwtgl/0.9.1/21c576e482f0260807b9d78a55b41074
Launcher Type: SUN_STANDARD

Environment Variables:
PATH=/usr/bin:/bin:/usr/sbin:/sbin
SHELL=/bin/bash

Signal Handlers:
SIGSEGV: [libjvm.dylib+0x5aa779], sa_mask[0]=11111111011111110111111111111111, sa_flags=SA_ONSTACK|SA_RESTART|SA_SIGINFO
SIGBUS: [libjvm.dylib+0x5aa779], sa_mask[0]=11111111011111110111111111111111, sa_flags=SA_RESTART|SA_SIGINFO
SIGFPE: [libjvm.dylib+0x4831d0], sa_mask[0]=11111111011111110111111111111111, sa_flags=SA_RESTART|SA_SIGINFO
SIGPIPE: [libjvm.dylib+0x4831d0], sa_mask[0]=11111111011111110111111111111111, sa_flags=SA_RESTART|SA_SIGINFO
SIGXFSZ: [libjvm.dylib+0x4831d0], sa_mask[0]=11111111011111110111111111111111, sa_flags=SA_RESTART|SA_SIGINFO
SIGILL: [libjvm.dylib+0x4831d0], sa_mask[0]=11111111011111110111111111111111, sa_flags=SA_RESTART|SA_SIGINFO
SIGUSR1: SIG_DFL, sa_mask[0]=00000000000000000000000000000000, sa_flags=none
SIGUSR2: [libjvm.dylib+0x482cee], sa_mask[0]=00100000000000000000000000000000, sa_flags=SA_RESTART|SA_SIGINFO
SIGHUP: [libjvm.dylib+0x4812c5], sa_mask[0]=11111111011111110111111111111111, sa_flags=SA_RESTART|SA_SIGINFO
SIGINT: [libjvm.dylib+0x4812c5], sa_mask[0]=11111111011111110111111111111111, sa_flags=SA_RESTART|SA_SIGINFO
SIGTERM: [libjvm.dylib+0x4812c5], sa_mask[0]=11111111011111110111111111111111, sa_flags=SA_RESTART|SA_SIGINFO
SIGQUIT: [libjvm.dylib+0x4812c5], sa_mask[0]=11111111011111110111111111111111, sa_flags=SA_RESTART|SA_SIGINFO


---------------  S Y S T E M  ---------------

OS:Bsduname:Darwin 17.3.0 Darwin Kernel Version 17.3.0: Thu Nov  9 18:09:22 PST 2017; root:xnu-4570.31.3~1/RELEASE_X86_64 x86_64
rlimit: STACK 8192k, CORE 0k, NPROC 1418, NOFILE 10240, AS infinity
load average:2.67 2.61 2.67

CPU:total 8 (4 cores per cpu, 2 threads per core) family 6 model 58 stepping 9, cmov, cx8, fxsr, mmx, sse, sse2, sse3, ssse3, sse4.1, sse4.2, popcnt, avx, aes, clmul, erms, ht, tsc, tscinvbit, tscinv

Memory: 4k page, physical 16777216k(110204k free)

/proc/meminfo:


vm_info: Java HotSpot(TM) 64-Bit Server VM (25.92-b14) for bsd-amd64 JRE (1.8.0_92-b14), built on Mar 31 2016 21:23:14 by "java_re" with gcc 4.2.1 (Based on Apple Inc. build 5658) (LLVM build 2336.11.00)

time: Thu Jan 25 11:43:26 2018
elapsed time: 8476 seconds (0d 2h 21m 16s)

