#
# A fatal error has been detected by the Java Runtime Environment:
#
#  EXCEPTION_ACCESS_VIOLATION (0xc0000005) at pc=0x0000000077e64c5f, pid=10612, tid=1960
#
# JRE version: Java(TM) SE Runtime Environment (8.0_65-b17) (build 1.8.0_65-b17)
# Java VM: Java HotSpot(TM) 64-Bit Server VM (25.65-b01 mixed mode windows-amd64 compressed oops)
# Problematic frame:
# C  0x0000000077e64c5f
#
# Failed to write core dump. Minidumps are not enabled by default on client versions of Windows
#
# If you would like to submit a bug report, please visit:
#   http://bugreport.java.com/bugreport/crash.jsp
# The crash happened outside the Java Virtual Machine in native code.
# See problematic frame for where to report the bug.
#

---------------  T H R E A D  ---------------

Current thread (0x0000000069010800):  JavaThread "JavaFX Application Thread" [_thread_in_native, id=1960, stack(0x00000000735c0000,0x00000000736c0000)]

siginfo: ExceptionCode=0xc0000005, reading address 0x0000000000000000

Registers:
RAX=0x0000000000000000, RBX=0x000000006e49b4a0, RCX=0x00000000736b9438, RDX=0x0000000000000000
RSP=0x00000000736b9420, RBP=0x00000000736b9640, RSI=0x0000000000000001, RDI=0x000000006e438440
R8 =0x0000000000010002, R9 =0x00000000763daa60, R10=0x000000001b47ad00, R11=0x00000000736b90f0
R12=0x00000000736ba8b0, R13=0x0000000000000000, R14=0x00000000736b9868, R15=0x00000000736b95b8
RIP=0x0000000077e64c5f, EFLAGS=0x0000000000010206

Top of Stack: (sp=0x00000000736b9420)
0x00000000736b9420:   0000000000000000 000000006e49b4a0
0x00000000736b9430:   0000a62ad0ca830b 0000000000000000
0x00000000736b9440:   00000000736ba75c 00000000736b9550
0x00000000736b9450:   fffffffffffffffe 000000006e63fc00
0x00000000736b9460:   00000000736b9510 0000000077d6176d
0x00000000736b9470:   00000000763402d0 0000000078143a04
0x00000000736b9480:   0000000000004b99 00010200c2c80000
0x00000000736b9490:   0000000000000000 0000000077e7305f
0x00000000736b94a0:   fffffffffffffffe 00000000736b95b8
0x00000000736b94b0:   00000000736ba690 0000000000000000
0x00000000736b94c0:   0000000000000039 0000000000000000
0x00000000736b94d0:   00000000736ba75c 0000000000000090
0x00000000736b94e0:   00000000736b9858 00000000736b9868
0x00000000736b94f0:   00000000736b9838 00000000736ba690
0x00000000736b9500:   00000000736b95b8 0000000077e72a2b
0x00000000736b9510:   0000000000000000 00007fff53ebd178 

Instructions: (pc=0x0000000077e64c5f)
0x0000000077e64c3f:   76 44 48 8b 53 38 48 83 c2 10 48 8b 5a 20 48 83
0x0000000077e64c4f:   7b 40 00 75 1e 45 33 c0 48 8b cb e8 71 11 e4 ff
0x0000000077e64c5f:   4c 8b 00 ba 20 00 00 00 48 8b c8 41 ff 50 08 48
0x0000000077e64c6f:   89 43 40 48 8b 43 40 f3 0f 10 40 20 ff 15 8f 9b 


Register to memory mapping:

RAX=0x0000000000000000 is an unknown value
RBX=0x000000006e49b4a0 is an unknown value
RCX=0x00000000736b9438 is pointing into the stack for thread: 0x0000000069010800
RDX=0x0000000000000000 is an unknown value
RSP=0x00000000736b9420 is pointing into the stack for thread: 0x0000000069010800
RBP=0x00000000736b9640 is pointing into the stack for thread: 0x0000000069010800
RSI=0x0000000000000001 is an unknown value
RDI=0x000000006e438440 is an unknown value
R8 =0x0000000000010002 is an unknown value
R9 =0x00000000763daa60 is an unknown value
R10={method} {0x000000001b47ad08} 'printStackTrace' '()V' in 'java/lang/Throwable'
R11=0x00000000736b90f0 is pointing into the stack for thread: 0x0000000069010800
R12=0x00000000736ba8b0 is pointing into the stack for thread: 0x0000000069010800
R13=0x0000000000000000 is an unknown value
R14=0x00000000736b9868 is pointing into the stack for thread: 0x0000000069010800
R15=0x00000000736b95b8 is pointing into the stack for thread: 0x0000000069010800


Stack: [0x00000000735c0000,0x00000000736c0000],  sp=0x00000000736b9420,  free space=997k
Native frames: (J=compiled Java code, j=interpreted, Vv=VM code, C=native code)
C  0x0000000077e64c5f
C  0x0000000077d6176d
C  0x0000000077e7305f
C  0x0000000077e72a2b
C  0x0000000077e71beb
C  0x0000000077e71b0a
C  0x0000000077d7c861
C  0x0000000077d7c5b9
C  0x0000000077d7c0cf
C  0x0000000077d70180
C  0x0000000077d5fb1e
C  0x0000000077d70ada
C  0x0000000077d7111a
C  0x0000000077d70192
C  0x0000000077d5fb1e
C  0x0000000077d70ada
C  0x0000000077d7111a
C  0x0000000077d70192
C  0x0000000077d5fb1e
C  0x0000000077e4dbc1
C  0x0000000077c795e3
C  0x00000000779f55a2
C  0x00000000779f567c
C  0x0000000077a09b3b
C  0x00000000775c0672
C  0x00000000781d1bbd
C  0x000000007819b573
C  0x00000000780a135e
C  0x000000007809e803
C  0x000000007803a2ee
C  0x00000000778b1871
C  0x00000000778be4d4
C  0x00000000778be3f6
C  0x0000000077a3d913
C  0x0000000077b664ca
C  0x0000000077b662c1
C  0x0000000077b66396
C  0x0000000077b66238
C  0x0000000077b5bf74
C  0x0000000077b5b8b2
C  0x0000000077b5be06
C  0x0000000077b5b568
C  0x0000000077bf77b3
C  0x0000000077c2e4ae
C  0x0000000002425e34

Java frames: (J=compiled Java code, j=interpreted, Vv=VM code)
j  com.sun.webkit.network.URLLoader.twkDidFinishLoading(J)V+0
j  com.sun.webkit.network.URLLoader.notifyDidFinishLoading()V+44
j  com.sun.webkit.network.URLLoader.lambda$didFinishLoading$96()V+8
j  com.sun.webkit.network.URLLoader$$Lambda$195.run()V+4
j  com.sun.javafx.application.PlatformImpl.lambda$null$174(Ljava/lang/Runnable;)Ljava/lang/Void;+1
j  com.sun.javafx.application.PlatformImpl$$Lambda$83.run()Ljava/lang/Object;+4
v  ~StubRoutines::call_stub
J 1351  java.security.AccessController.doPrivileged(Ljava/security/PrivilegedAction;Ljava/security/AccessControlContext;)Ljava/lang/Object; (0 bytes) @ 0x0000000002926b26 [0x0000000002926ac0+0x66]
j  com.sun.javafx.application.PlatformImpl.lambda$runLater$175(Ljava/lang/Runnable;Ljava/security/AccessControlContext;)V+7
j  com.sun.javafx.application.PlatformImpl$$Lambda$82.run()V+8
j  com.sun.glass.ui.InvokeLaterDispatcher$Future.run()V+4
v  ~StubRoutines::call_stub
j  com.sun.glass.ui.win.WinApplication._runLoop(Ljava/lang/Runnable;)V+0
j  com.sun.glass.ui.win.WinApplication.lambda$null$149(ILjava/lang/Runnable;)V+8
j  com.sun.glass.ui.win.WinApplication$$Lambda$72.run()V+12
j  java.lang.Thread.run()V+11
v  ~StubRoutines::call_stub

---------------  P R O C E S S  ---------------

Java Threads: ( => current thread )
  0x000000001df55800 JavaThread "Watchdog-Timer-1" daemon [_thread_blocked, id=6688, stack(0x00000000772f0000,0x00000000773f0000)]
  0x000000001df51000 JavaThread "URL-Loader-14" daemon [_thread_blocked, id=5832, stack(0x00000000771f0000,0x00000000772f0000)]
  0x000000006901c800 JavaThread "URL-Loader-13" daemon [_thread_blocked, id=920, stack(0x0000000076120000,0x0000000076220000)]
  0x000000006901b800 JavaThread "URL-Loader-12" daemon [_thread_blocked, id=11460, stack(0x0000000076020000,0x0000000076120000)]
  0x000000006901b000 JavaThread "URL-Loader-11" daemon [_thread_blocked, id=9516, stack(0x0000000075f20000,0x0000000076020000)]
  0x000000006901a000 JavaThread "URL-Loader-10" daemon [_thread_blocked, id=10504, stack(0x00000000754b0000,0x00000000755b0000)]
  0x0000000069018800 JavaThread "URL-Loader-9" daemon [_thread_blocked, id=9188, stack(0x00000000753b0000,0x00000000754b0000)]
  0x0000000069018000 JavaThread "URL-Loader-8" daemon [_thread_blocked, id=9628, stack(0x00000000752b0000,0x00000000753b0000)]
  0x0000000069017000 JavaThread "URL-Loader-7" daemon [_thread_blocked, id=11176, stack(0x00000000751b0000,0x00000000752b0000)]
  0x000000006901d000 JavaThread "URL-Loader-6" daemon [_thread_blocked, id=3740, stack(0x00000000750b0000,0x00000000751b0000)]
  0x000000006901e000 JavaThread "URL-Loader-5" daemon [_thread_blocked, id=11052, stack(0x0000000074fb0000,0x00000000750b0000)]
  0x0000000069019800 JavaThread "URL-Loader-4" daemon [_thread_blocked, id=10152, stack(0x0000000074eb0000,0x0000000074fb0000)]
  0x000000006900f800 JavaThread "URL-Loader-3" daemon [_thread_blocked, id=4544, stack(0x0000000074db0000,0x0000000074eb0000)]
  0x0000000069015800 JavaThread "URL-Loader-2" daemon [_thread_blocked, id=10392, stack(0x0000000074cb0000,0x0000000074db0000)]
  0x0000000069015000 JavaThread "Keep-Alive-Timer" daemon [_thread_blocked, id=10924, stack(0x0000000074bb0000,0x0000000074cb0000)]
  0x0000000069013800 JavaThread "URL-Loader-1" daemon [_thread_blocked, id=824, stack(0x00000000749b0000,0x0000000074ab0000)]
  0x0000000069012000 JavaThread "Disposer" daemon [_thread_blocked, id=2828, stack(0x00000000743c0000,0x00000000744c0000)]
  0x0000000069012800 JavaThread "Thread-11" daemon [_thread_in_native, id=11856, stack(0x00000000739c0000,0x0000000073ac0000)]
=>0x0000000069010800 JavaThread "JavaFX Application Thread" [_thread_in_native, id=1960, stack(0x00000000735c0000,0x00000000736c0000)]
  0x0000000069011000 JavaThread "Thread-10" daemon [_thread_blocked, id=2936, stack(0x00000000734c0000,0x00000000735c0000)]
  0x000000001df54000 JavaThread "DestroyJavaVM" [_thread_blocked, id=10724, stack(0x00000000021a0000,0x00000000022a0000)]
  0x000000001df57000 JavaThread "TimerQueue" daemon [_thread_blocked, id=7744, stack(0x000000006d1b0000,0x000000006d2b0000)]
  0x000000001df56800 JavaThread "SwingWorker-pool-3-thread-1" daemon [_thread_blocked, id=4364, stack(0x000000006d0b0000,0x000000006d1b0000)]
  0x0000000069029000 JavaThread "main-FPSAWTAnimator-Timer0" [_thread_blocked, id=2760, stack(0x000000006cb10000,0x000000006cc10000)]
  0x000000001ed33800 JavaThread "AWT-EventQueue-0" [_thread_blocked, id=10792, stack(0x000000001fb30000,0x000000001fc30000)]
  0x000000001ed3d800 JavaThread "AWT-Shutdown" [_thread_blocked, id=4820, stack(0x000000001f850000,0x000000001f950000)]
  0x000000001ed3c800 JavaThread "Java2D Disposer" daemon [_thread_blocked, id=8384, stack(0x000000001f750000,0x000000001f850000)]
  0x000000001dfe8800 JavaThread "Service Thread" daemon [_thread_blocked, id=11876, stack(0x000000001e910000,0x000000001ea10000)]
  0x000000001df55000 JavaThread "C1 CompilerThread3" daemon [_thread_blocked, id=2416, stack(0x000000001e810000,0x000000001e910000)]
  0x000000001df4a800 JavaThread "C2 CompilerThread2" daemon [_thread_blocked, id=756, stack(0x000000001e710000,0x000000001e810000)]
  0x000000001df3c000 JavaThread "C2 CompilerThread1" daemon [_thread_blocked, id=12260, stack(0x000000001e610000,0x000000001e710000)]
  0x000000001df3a000 JavaThread "C2 CompilerThread0" daemon [_thread_blocked, id=1532, stack(0x000000001e510000,0x000000001e610000)]
  0x000000001be5d800 JavaThread "Attach Listener" daemon [_thread_blocked, id=6800, stack(0x000000001e410000,0x000000001e510000)]
  0x000000001be5c800 JavaThread "Signal Dispatcher" daemon [_thread_blocked, id=9592, stack(0x000000001e310000,0x000000001e410000)]
  0x000000000240d800 JavaThread "Finalizer" daemon [_thread_blocked, id=8, stack(0x000000001dd20000,0x000000001de20000)]
  0x0000000002407000 JavaThread "Reference Handler" daemon [_thread_blocked, id=10840, stack(0x000000001dc20000,0x000000001dd20000)]

Other Threads:
  0x000000001be48800 VMThread [stack: 0x000000001db20000,0x000000001dc20000] [id=1000]
  0x000000001dff5000 WatcherThread [stack: 0x000000001ea10000,0x000000001eb10000] [id=11428]

VM state:not at safepoint (normal execution)

VM Mutex/Monitor currently owned by a thread: None

Heap:
 PSYoungGen      total 142336K, used 47090K [0x000000076b300000, 0x000000077b380000, 0x00000007c0000000)
  eden space 117760K, 24% used [0x000000076b300000,0x000000076cf96868,0x0000000772600000)
  from space 24576K, 72% used [0x0000000772600000,0x0000000773766350,0x0000000773e00000)
  to   space 25088K, 0% used [0x0000000779b00000,0x0000000779b00000,0x000000077b380000)
 ParOldGen       total 199680K, used 56988K [0x00000006c1800000, 0x00000006cdb00000, 0x000000076b300000)
  object space 199680K, 28% used [0x00000006c1800000,0x00000006c4fa7110,0x00000006cdb00000)
 Metaspace       used 49905K, capacity 50721K, committed 50816K, reserved 1093632K
  class space    used 6558K, capacity 6769K, committed 6784K, reserved 1048576K

Card table byte_map: [0x00000000117d0000,0x0000000011fd0000] byte_map_base: 0x000000000e1c4000

Marking Bits: (ParMarkBitMap*) 0x0000000075e9a5b0
 Begin Bits: [0x0000000012d20000, 0x0000000016cc0000)
 End Bits:   [0x0000000016cc0000, 0x000000001ac60000)

Polling page: 0x00000000009a0000

CodeCache: size=245760Kb used=15794Kb max_used=15794Kb free=229965Kb
 bounds [0x0000000002410000, 0x0000000003390000, 0x0000000011410000]
 total_blobs=6131 nmethods=4849 adapters=1191
 compilation: enabled

Compilation events (10 events):
Event: 14.806 Thread 0x000000001df55000 5591       3       sun.nio.cs.StreamEncoder::implFlushBuffer (15 bytes)
Event: 14.806 Thread 0x000000001df55000 nmethod 5591 0x0000000003375750 code [0x00000000033758c0, 0x0000000003375b28]
Event: 14.806 Thread 0x000000001df55000 5592       3       sun.nio.cs.StreamEncoder::writeBytes (132 bytes)
Event: 14.807 Thread 0x000000001df55000 nmethod 5592 0x0000000003388850 code [0x0000000003388a60, 0x00000000033896b8]
Event: 14.807 Thread 0x000000001df55000 5593   !   3       java.io.PrintStream::write (69 bytes)
Event: 14.807 Thread 0x000000001df55000 nmethod 5593 0x000000000338b4d0 code [0x000000000338b6a0, 0x000000000338be18]
Event: 14.807 Thread 0x000000001df55000 5582   !   3       java.io.PrintStream::write (83 bytes)
Event: 14.808 Thread 0x000000001df55000 nmethod 5582 0x000000000338c250 code [0x000000000338c480, 0x000000000338d0a8]
Event: 14.808 Thread 0x000000001df55000 5589       1       java.lang.StackTraceElement::getClassName (5 bytes)
Event: 14.808 Thread 0x000000001df55000 nmethod 5589 0x0000000003388590 code [0x00000000033886e0, 0x00000000033887f0]

GC Heap History (10 events):
Event: 2.829 GC heap before
{Heap before GC invocations=5 (full 2):
 PSYoungGen      total 76288K, used 10388K [0x000000076b300000, 0x0000000772680000, 0x00000007c0000000)
  eden space 65536K, 0% used [0x000000076b300000,0x000000076b300000,0x000000076f300000)
  from space 10752K, 96% used [0x000000076f300000,0x000000076fd253b8,0x000000076fd80000)
  to   space 10752K, 0% used [0x0000000771c00000,0x0000000771c00000,0x0000000772680000)
 ParOldGen       total 122880K, used 6375K [0x00000006c1800000, 0x00000006c9000000, 0x000000076b300000)
  object space 122880K, 5% used [0x00000006c1800000,0x00000006c1e39fa8,0x00000006c9000000)
 Metaspace       used 34795K, capacity 35057K, committed 35416K, reserved 1081344K
  class space    used 4457K, capacity 4523K, committed 4608K, reserved 1048576K
Event: 2.864 GC heap after
Heap after GC invocations=5 (full 2):
 PSYoungGen      total 76288K, used 0K [0x000000076b300000, 0x0000000772680000, 0x00000007c0000000)
  eden space 65536K, 0% used [0x000000076b300000,0x000000076b300000,0x000000076f300000)
  from space 10752K, 0% used [0x000000076f300000,0x000000076f300000,0x000000076fd80000)
  to   space 10752K, 0% used [0x0000000771c00000,0x0000000771c00000,0x0000000772680000)
 ParOldGen       total 199680K, used 14568K [0x00000006c1800000, 0x00000006cdb00000, 0x000000076b300000)
  object space 199680K, 7% used [0x00000006c1800000,0x00000006c263a2f0,0x00000006cdb00000)
 Metaspace       used 34795K, capacity 35057K, committed 35416K, reserved 1081344K
  class space    used 4457K, capacity 4523K, committed 4608K, reserved 1048576K
}
Event: 4.212 GC heap before
{Heap before GC invocations=6 (full 2):
 PSYoungGen      total 76288K, used 65536K [0x000000076b300000, 0x0000000772680000, 0x00000007c0000000)
  eden space 65536K, 100% used [0x000000076b300000,0x000000076f300000,0x000000076f300000)
  from space 10752K, 0% used [0x000000076f300000,0x000000076f300000,0x000000076fd80000)
  to   space 10752K, 0% used [0x0000000771c00000,0x0000000771c00000,0x0000000772680000)
 ParOldGen       total 199680K, used 14568K [0x00000006c1800000, 0x00000006cdb00000, 0x000000076b300000)
  object space 199680K, 7% used [0x00000006c1800000,0x00000006c263a2f0,0x00000006cdb00000)
 Metaspace       used 40643K, capacity 41051K, committed 41472K, reserved 1085440K
  class space    used 5211K, capacity 5336K, committed 5376K, reserved 1048576K
Event: 4.220 GC heap after
Heap after GC invocations=6 (full 2):
 PSYoungGen      total 100864K, used 10751K [0x000000076b300000, 0x0000000772680000, 0x00000007c0000000)
  eden space 90112K, 0% used [0x000000076b300000,0x000000076b300000,0x0000000770b00000)
  from space 10752K, 99% used [0x0000000771c00000,0x000000077267ff10,0x0000000772680000)
  to   space 10752K, 0% used [0x0000000771180000,0x0000000771180000,0x0000000771c00000)
 ParOldGen       total 199680K, used 25146K [0x00000006c1800000, 0x00000006cdb00000, 0x000000076b300000)
  object space 199680K, 12% used [0x00000006c1800000,0x00000006c308ea48,0x00000006cdb00000)
 Metaspace       used 40643K, capacity 41051K, committed 41472K, reserved 1085440K
  class space    used 5211K, capacity 5336K, committed 5376K, reserved 1048576K
}
Event: 14.009 GC heap before
{Heap before GC invocations=7 (full 2):
 PSYoungGen      total 100864K, used 100836K [0x000000076b300000, 0x0000000772680000, 0x00000007c0000000)
  eden space 90112K, 99% used [0x000000076b300000,0x0000000770af9110,0x0000000770b00000)
  from space 10752K, 99% used [0x0000000771c00000,0x000000077267ff10,0x0000000772680000)
  to   space 10752K, 0% used [0x0000000771180000,0x0000000771180000,0x0000000771c00000)
 ParOldGen       total 199680K, used 25146K [0x00000006c1800000, 0x00000006cdb00000, 0x000000076b300000)
  object space 199680K, 12% used [0x00000006c1800000,0x00000006c308ea48,0x00000006cdb00000)
 Metaspace       used 49389K, capacity 50191K, committed 50560K, reserved 1093632K
  class space    used 6507K, capacity 6688K, committed 6784K, reserved 1048576K
Event: 14.018 GC heap after
Heap after GC invocations=7 (full 2):
 PSYoungGen      total 107520K, used 10743K [0x000000076b300000, 0x0000000775500000, 0x00000007c0000000)
  eden space 96768K, 0% used [0x000000076b300000,0x000000076b300000,0x0000000771180000)
  from space 10752K, 99% used [0x0000000771180000,0x0000000771bfdcc8,0x0000000771c00000)
  to   space 23552K, 0% used [0x0000000773e00000,0x0000000773e00000,0x0000000775500000)
 ParOldGen       total 199680K, used 31838K [0x00000006c1800000, 0x00000006cdb00000, 0x000000076b300000)
  object space 199680K, 15% used [0x00000006c1800000,0x00000006c37179d8,0x00000006cdb00000)
 Metaspace       used 49389K, capacity 50191K, committed 50560K, reserved 1093632K
  class space    used 6507K, capacity 6688K, committed 6784K, reserved 1048576K
}
Event: 14.051 GC heap before
{Heap before GC invocations=8 (full 2):
 PSYoungGen      total 107520K, used 107509K [0x000000076b300000, 0x0000000775500000, 0x00000007c0000000)
  eden space 96768K, 99% used [0x000000076b300000,0x000000077117f788,0x0000000771180000)
  from space 10752K, 99% used [0x0000000771180000,0x0000000771bfdcc8,0x0000000771c00000)
  to   space 23552K, 0% used [0x0000000773e00000,0x0000000773e00000,0x0000000775500000)
 ParOldGen       total 199680K, used 31973K [0x00000006c1800000, 0x00000006cdb00000, 0x000000076b300000)
  object space 199680K, 16% used [0x00000006c1800000,0x00000006c3739678,0x00000006cdb00000)
 Metaspace       used 49389K, capacity 50191K, committed 50560K, reserved 1093632K
  class space    used 6507K, capacity 6688K, committed 6784K, reserved 1048576K
Event: 14.060 GC heap after
Heap after GC invocations=8 (full 2):
 PSYoungGen      total 141312K, used 17933K [0x000000076b300000, 0x0000000778700000, 0x00000007c0000000)
  eden space 117760K, 0% used [0x000000076b300000,0x000000076b300000,0x0000000772600000)
  from space 23552K, 76% used [0x0000000773e00000,0x0000000774f83798,0x0000000775500000)
  to   space 24576K, 0% used [0x0000000772600000,0x0000000772600000,0x0000000773e00000)
 ParOldGen       total 199680K, used 38923K [0x00000006c1800000, 0x00000006cdb00000, 0x000000076b300000)
  object space 199680K, 19% used [0x00000006c1800000,0x00000006c3e02ce0,0x00000006cdb00000)
 Metaspace       used 49389K, capacity 50191K, committed 50560K, reserved 1093632K
  class space    used 6507K, capacity 6688K, committed 6784K, reserved 1048576K
}
Event: 14.094 GC heap before
{Heap before GC invocations=9 (full 2):
 PSYoungGen      total 141312K, used 135693K [0x000000076b300000, 0x0000000778700000, 0x00000007c0000000)
  eden space 117760K, 100% used [0x000000076b300000,0x0000000772600000,0x0000000772600000)
  from space 23552K, 76% used [0x0000000773e00000,0x0000000774f83798,0x0000000775500000)
  to   space 24576K, 0% used [0x0000000772600000,0x0000000772600000,0x0000000773e00000)
 ParOldGen       total 199680K, used 50038K [0x00000006c1800000, 0x00000006cdb00000, 0x000000076b300000)
  object space 199680K, 25% used [0x00000006c1800000,0x00000006c48ddaa8,0x00000006cdb00000)
 Metaspace       used 49398K, capacity 50191K, committed 50560K, reserved 1093632K
  class space    used 6507K, capacity 6688K, committed 6784K, reserved 1048576K
Event: 14.102 GC heap after
Heap after GC invocations=9 (full 2):
 PSYoungGen      total 142336K, used 17816K [0x000000076b300000, 0x000000077b380000, 0x00000007c0000000)
  eden space 117760K, 0% used [0x000000076b300000,0x000000076b300000,0x0000000772600000)
  from space 24576K, 72% used [0x0000000772600000,0x0000000773766350,0x0000000773e00000)
  to   space 25088K, 0% used [0x0000000779b00000,0x0000000779b00000,0x000000077b380000)
 ParOldGen       total 199680K, used 56988K [0x00000006c1800000, 0x00000006cdb00000, 0x000000076b300000)
  object space 199680K, 28% used [0x00000006c1800000,0x00000006c4fa7110,0x00000006cdb00000)
 Metaspace       used 49398K, capacity 50191K, committed 50560K, reserved 1093632K
  class space    used 6507K, capacity 6688K, committed 6784K, reserved 1048576K
}

Deoptimization events (10 events):
Event: 14.344 Thread 0x0000000069019800 Uncommon trap: reason=unstable_if action=reinterpret pc=0x0000000002a7688c method=java.io.BufferedInputStream.read1([BII)I @ 29
Event: 14.344 Thread 0x0000000069019800 Uncommon trap: reason=unstable_if action=reinterpret pc=0x00000000025331a4 method=java.util.concurrent.locks.AbstractQueuedSynchronizer$ConditionObject.addConditionWaiter()Ljava/util/concurrent/locks/AbstractQueuedSynchronizer$Node; @ 41
Event: 14.723 Thread 0x0000000069010800 Uncommon trap: reason=class_check action=maybe_recompile pc=0x0000000002fa79ec method=java.util.concurrent.FutureTask.finishCompletion()V @ 65
Event: 14.734 Thread 0x0000000069010800 Uncommon trap: reason=unstable_if action=reinterpret pc=0x00000000031bc8fc method=java.lang.ThreadLocal$ThreadLocalMap.getEntry(Ljava/lang/ThreadLocal;)Ljava/lang/ThreadLocal$ThreadLocalMap$Entry; @ 29
Event: 14.751 Thread 0x0000000069014000 Uncommon trap: reason=unstable_if action=reinterpret pc=0x0000000002795d2c method=java.util.concurrent.locks.AbstractQueuedSynchronizer$ConditionObject.checkInterruptWhileWaiting(Ljava/util/concurrent/locks/AbstractQueuedSynchronizer$Node;)I @ 3
Event: 14.770 Thread 0x0000000069010800 Uncommon trap: reason=unstable_if action=reinterpret pc=0x0000000002a54bdc method=java.lang.ThreadLocal$ThreadLocalMap.getEntry(Ljava/lang/ThreadLocal;)Ljava/lang/ThreadLocal$ThreadLocalMap$Entry; @ 29
Event: 14.770 Thread 0x0000000069010800 Uncommon trap: reason=unstable_if action=reinterpret pc=0x0000000002a420ac method=java.lang.ThreadLocal$ThreadLocalMap.getEntry(Ljava/lang/ThreadLocal;)Ljava/lang/ThreadLocal$ThreadLocalMap$Entry; @ 29
Event: 14.791 Thread 0x0000000069010800 Uncommon trap: reason=unstable_if action=reinterpret pc=0x0000000002f15d84 method=java.io.WinNTFileSystem.normalize(Ljava/lang/String;)Ljava/lang/String; @ 74
Event: 14.791 Thread 0x0000000069010800 Uncommon trap: reason=unstable_if action=reinterpret pc=0x0000000002c80720 method=java.io.WinNTFileSystem.normalize(Ljava/lang/String;II)Ljava/lang/String; @ 103
Event: 14.792 Thread 0x0000000069010800 Uncommon trap: reason=unstable_if action=reinterpret pc=0x000000000261c5c4 method=java.io.WinNTFileSystem.normalize(Ljava/lang/String;)Ljava/lang/String; @ 74

Internal exceptions (10 events):
Event: 2.606 Thread 0x000000001f1b5800 Implicit null exception at 0x0000000002799311 to 0x0000000002799841
Event: 2.986 Thread 0x000000000230e800 Exception <a 'java/lang/reflect/InvocationTargetException'> (0x000000076bdaf508) thrown at [C:\workspace\8-2-build-windows-amd64-cygwin\jdk8u65\4987\hotspot\src\share\vm\runtime\reflection.cpp, line 1092]
Event: 3.130 Thread 0x000000001df55800 Implicit null exception at 0x0000000002cf4f30 to 0x0000000002cf4f8c
Event: 11.867 Thread 0x000000001ed33800 Implicit null exception at 0x0000000002f99422 to 0x0000000002f9a0c5
Event: 12.015 Thread 0x000000001ed33800 Exception <a 'java/lang/NullPointerException'> (0x000000076d46d3e8) thrown at [C:\workspace\8-2-build-windows-amd64-cygwin\jdk8u65\4987\hotspot\src\share\vm\interpreter\linkResolver.cpp, line 1178]
Event: 12.054 Thread 0x0000000069010800 Exception <a 'java/lang/NullPointerException'> (0x000000076d9278c8) thrown at [C:\workspace\8-2-build-windows-amd64-cygwin\jdk8u65\4987\hotspot\src\share\vm\interpreter\linkResolver.cpp, line 1178]
Event: 12.054 Thread 0x0000000069010800 Exception <a 'java/lang/NullPointerException'> (0x000000076d9278c8) thrown at [C:\workspace\8-2-build-windows-amd64-cygwin\jdk8u65\4987\hotspot\src\share\vm\prims\jvm.cpp, line 1390]
Event: 13.501 Thread 0x0000000069010800 Exception <a 'sun/nio/fs/WindowsException'> (0x000000076e3021c8) thrown at [C:\workspace\8-2-build-windows-amd64-cygwin\jdk8u65\4987\hotspot\src\share\vm\prims\jni.cpp, line 709]
Event: 13.503 Thread 0x0000000069010800 Exception <a 'sun/nio/fs/WindowsException'> (0x000000076e303b28) thrown at [C:\workspace\8-2-build-windows-amd64-cygwin\jdk8u65\4987\hotspot\src\share\vm\prims\jni.cpp, line 709]
Event: 14.755 Thread 0x000000006a572800 Exception <a 'java/lang/IllegalStateException'> (0x000000076cdf3310) thrown at [C:\workspace\8-2-build-windows-amd64-cygwin\jdk8u65\4987\hotspot\src\share\vm\prims\jvm.cpp, line 1390]

Events (10 events):
Event: 14.791 Thread 0x0000000069010800 Uncommon trap: trap_request=0xffffff65 fr.pc=0x0000000002c80720
Event: 14.791 Thread 0x0000000069010800 DEOPT PACKING pc=0x0000000002c80720 sp=0x00000000736b75f0
Event: 14.791 Thread 0x0000000069010800 DEOPT UNPACKING pc=0x000000000245582a sp=0x00000000736b7610 mode 2
Event: 14.792 Thread 0x0000000069010800 Uncommon trap: trap_request=0xffffff65 fr.pc=0x000000000261c5c4
Event: 14.792 Thread 0x0000000069010800 DEOPT PACKING pc=0x000000000261c5c4 sp=0x00000000736b7700
Event: 14.792 Thread 0x0000000069010800 DEOPT UNPACKING pc=0x000000000245582a sp=0x00000000736b7690 mode 2
Event: 14.800 loading class java/lang/Throwable$WrappedPrintStream
Event: 14.801 loading class java/lang/Throwable$PrintStreamOrWriter
Event: 14.801 loading class java/lang/Throwable$PrintStreamOrWriter done
Event: 14.801 loading class java/lang/Throwable$WrappedPrintStream done


Dynamic libraries:
0x00007ff72aa90000 - 0x00007ff72aac7000 	C:\Program Files\Java\jre1.8.0_65\bin\javaw.exe
0x00007fff53e80000 - 0x00007fff5404b000 	C:\WINDOWS\SYSTEM32\ntdll.dll
0x00007fff518f0000 - 0x00007fff5199d000 	C:\WINDOWS\system32\KERNEL32.DLL
0x00007fff50d00000 - 0x00007fff50f0e000 	C:\WINDOWS\system32\KERNELBASE.dll
0x00007fff52010000 - 0x00007fff520b2000 	C:\WINDOWS\system32\ADVAPI32.dll
0x00007fff538c0000 - 0x00007fff5395e000 	C:\WINDOWS\system32\msvcrt.dll
0x00007fff51d60000 - 0x00007fff51db9000 	C:\WINDOWS\system32\sechost.dll
0x00007fff516b0000 - 0x00007fff517d7000 	C:\WINDOWS\system32\RPCRT4.dll
0x00007fff53750000 - 0x00007fff538b6000 	C:\WINDOWS\system32\USER32.dll
0x0000000077430000 - 0x000000007744e000 	C:\WINDOWS\system32\win32u.dll
0x00007fff53e40000 - 0x00007fff53e71000 	C:\WINDOWS\system32\GDI32.dll
0x00007fff50f60000 - 0x00007fff510e4000 	C:\WINDOWS\system32\gdi32full.dll
0x00007fff4b5d0000 - 0x00007fff4b839000 	C:\WINDOWS\WinSxS\amd64_microsoft.windows.common-controls_6595b64144ccf1df_6.0.14316.1000_none_8096ff2fcc18513c\COMCTL32.dll
0x00007fff51a00000 - 0x00007fff51c9c000 	C:\WINDOWS\system32\combase.dll
0x00007fff50560000 - 0x00007fff50654000 	C:\WINDOWS\system32\ucrtbase.dll
0x00007fff504f0000 - 0x00007fff5055a000 	C:\WINDOWS\system32\bcryptPrimitives.dll
0x00007fff535e0000 - 0x00007fff5360e000 	C:\WINDOWS\system32\IMM32.DLL
0x00000000747d0000 - 0x00000000748a2000 	C:\Program Files\Java\jre1.8.0_65\bin\msvcr100.dll
0x0000000075690000 - 0x0000000075f19000 	C:\Program Files\Java\jre1.8.0_65\bin\server\jvm.dll
0x00007fff53e30000 - 0x00007fff53e37000 	C:\WINDOWS\system32\PSAPI.DLL
0x00007fff4b8f0000 - 0x00007fff4b8fa000 	C:\WINDOWS\SYSTEM32\VERSION.dll
0x00007fff4e1d0000 - 0x00007fff4e1f3000 	C:\WINDOWS\SYSTEM32\WINMM.dll
0x00007fff4e630000 - 0x00007fff4e639000 	C:\WINDOWS\SYSTEM32\WSOCK32.dll
0x00007fff51480000 - 0x00007fff514eb000 	C:\WINDOWS\system32\WS2_32.dll
0x00007fff4e1a0000 - 0x00007fff4e1cc000 	C:\WINDOWS\SYSTEM32\WINMMBASE.dll
0x00007fff50f10000 - 0x00007fff50f53000 	C:\WINDOWS\system32\cfgmgr32.dll
0x0000000075680000 - 0x000000007568f000 	C:\Program Files\Java\jre1.8.0_65\bin\verify.dll
0x0000000075650000 - 0x0000000075679000 	C:\Program Files\Java\jre1.8.0_65\bin\java.dll
0x0000000075630000 - 0x0000000075646000 	C:\Program Files\Java\jre1.8.0_65\bin\zip.dll
0x00007fff52120000 - 0x00007fff535da000 	C:\WINDOWS\system32\SHELL32.dll
0x00007fff50660000 - 0x00007fff50cf8000 	C:\WINDOWS\system32\windows.storage.dll
0x00007fff504a0000 - 0x00007fff504eb000 	C:\WINDOWS\system32\powrprof.dll
0x00007fff51dc0000 - 0x00007fff51e12000 	C:\WINDOWS\system32\shlwapi.dll
0x00007fff50480000 - 0x00007fff5048f000 	C:\WINDOWS\system32\kernel.appcore.dll
0x00007fff51370000 - 0x00007fff5141c000 	C:\WINDOWS\system32\shcore.dll
0x00007fff50460000 - 0x00007fff50474000 	C:\WINDOWS\system32\profapi.dll
0x00007fff4ff50000 - 0x00007fff4ff67000 	C:\WINDOWS\SYSTEM32\CRYPTSP.dll
0x00007fff4faa0000 - 0x00007fff4fad4000 	C:\WINDOWS\system32\rsaenh.dll
0x00007fff50050000 - 0x00007fff5007a000 	C:\WINDOWS\SYSTEM32\bcrypt.dll
0x00007fff4fc10000 - 0x00007fff4fc2f000 	C:\WINDOWS\SYSTEM32\USERENV.dll
0x00007fff4ff40000 - 0x00007fff4ff4b000 	C:\WINDOWS\SYSTEM32\CRYPTBASE.dll
0x0000000075610000 - 0x000000007562a000 	C:\Program Files\Java\jre1.8.0_65\bin\net.dll
0x00007fff4fd90000 - 0x00007fff4fdec000 	C:\WINDOWS\system32\mswsock.dll
0x00007fff4e5f0000 - 0x00007fff4e628000 	C:\WINDOWS\SYSTEM32\IPHLPAPI.DLL
0x00007fff514f0000 - 0x00007fff514f8000 	C:\WINDOWS\system32\NSI.dll
0x00007fff487c0000 - 0x00007fff487d6000 	C:\WINDOWS\SYSTEM32\dhcpcsvc6.DLL
0x00007fff487a0000 - 0x00007fff487ba000 	C:\WINDOWS\SYSTEM32\dhcpcsvc.DLL
0x00000000755f0000 - 0x0000000075601000 	C:\Program Files\Java\jre1.8.0_65\bin\nio.dll
0x00000000637c0000 - 0x00000000637cd000 	C:\Users\micro\AppData\Local\Temp\jogamp_0000\file_cache\jln6510983006682008244\jln5520083672504590167\gluegen-rt.dll
0x0000000074630000 - 0x00000000747c8000 	C:\Program Files\Java\jre1.8.0_65\bin\awt.dll
0x00007fff51ca0000 - 0x00007fff51d5b000 	C:\WINDOWS\system32\OLEAUT32.dll
0x00007fff4eb80000 - 0x00007fff4ebf8000 	C:\WINDOWS\SYSTEM32\apphelp.dll
0x00007fff4ecb0000 - 0x00007fff4ed45000 	C:\WINDOWS\system32\uxtheme.dll
0x00007fff51eb0000 - 0x00007fff52005000 	C:\WINDOWS\system32\MSCTF.dll
0x00007fff3e460000 - 0x00007fff3e4fb000 	C:\Program Files\Common Files\microsoft shared\ink\tiptsf.dll
0x00007fff4b5a0000 - 0x00007fff4b5c3000 	C:\WINDOWS\system32\dwmapi.dll
0x00007fff53610000 - 0x00007fff53749000 	C:\WINDOWS\system32\ole32.dll
0x00000000749a0000 - 0x00000000749a7000 	C:\Program Files\Java\jre1.8.0_65\bin\jawt.dll
0x000000006a440000 - 0x000000006a44d000 	C:\Users\micro\AppData\Local\Temp\jogamp_0000\file_cache\jln6510983006682008244\jln5520083672504590167\nativewindow_awt.dll
0x000000006c100000 - 0x000000006c10f000 	C:\Users\micro\AppData\Local\Temp\jogamp_0000\file_cache\jln6510983006682008244\jln5520083672504590167\nativewindow_win32.dll
0x00007fff31e60000 - 0x00007fff31f83000 	C:\WINDOWS\SYSTEM32\OpenGL32.dll
0x00007fff31d90000 - 0x00007fff31dbd000 	C:\WINDOWS\SYSTEM32\GLU32.dll
0x00007fff31c90000 - 0x00007fff31d87000 	C:\WINDOWS\SYSTEM32\DDRAW.dll
0x00007fff31c80000 - 0x00007fff31c88000 	C:\WINDOWS\SYSTEM32\DCIMAN32.dll
0x0000000064500000 - 0x00000000645a0000 	C:\Users\micro\AppData\Local\Temp\jogamp_0000\file_cache\jln6510983006682008244\jln5520083672504590167\jogl_desktop.dll
0x00007fff158a0000 - 0x00007fff163d6000 	C:\WINDOWS\SYSTEM32\ig75icd64.dll
0x00007fff456e0000 - 0x00007fff46109000 	C:\WINDOWS\SYSTEM32\igdusc64.dll
0x00007fff4d090000 - 0x00007fff4d0a3000 	C:\WINDOWS\SYSTEM32\WTSAPI32.dll
0x00000000745e0000 - 0x0000000074627000 	C:\Program Files\Java\jre1.8.0_65\bin\fontmanager.dll
0x0000000180000000 - 0x0000000180038000 	C:\Users\micro\AppData\Local\Temp\jna-103890628\jna8919763006973502803.dll
0x0000000074590000 - 0x00000000745d2000 	C:\Program Files\Java\jre1.8.0_65\bin\t2k.dll
0x00007fff3acf0000 - 0x00007fff3ad4d000 	C:\Users\micro\.gradle\caches\modules-2\files-2.1\intel.rssdk\libpxcclr\20150901\ec3d0d1e15a462ea5c893c1260acdb931a0e2646\libpxcclr.jni64.dll
0x00007fff34270000 - 0x00007fff34328000 	C:\Program Files\Common Files\Intel\RSSDK\v6\bin\x64\libpxcsession.dll
0x00007fff34210000 - 0x00007fff34262000 	C:\Program Files\Common Files\Intel\RSSDK\v6\bin\x64\tbb.dll
0x00007fff2ad70000 - 0x00007fff2ae44000 	C:\WINDOWS\SYSTEM32\MSVCR110.dll
0x00007fff2acc0000 - 0x00007fff2ad67000 	C:\WINDOWS\SYSTEM32\MSVCP110.dll
0x00007fff1e8b0000 - 0x00007fff1ea92000 	C:\Program Files\Common Files\Intel\RSSDK\v6\bin\x64\libpxccore.dll
0x00007fff50170000 - 0x00007fff5019c000 	C:\WINDOWS\SYSTEM32\SspiCli.dll
0x00007fff21f10000 - 0x00007fff22011000 	C:\Program Files\Common Files\Intel\RSSDK\v6\bin\x64\intel-ias2.dll
0x00007fff341c0000 - 0x00007fff3420a000 	C:\Program Files\Common Files\Intel\RSSDK\v6\bin\x64\libpxclanternrock.dll
0x00007fff2abd0000 - 0x00007fff2acb4000 	C:\Program Files\Common Files\Intel\RSSDK\v6\bin\x64\libpxcpipelineutils.dll
0x00007fff13c20000 - 0x00007fff1589d000 	C:\Program Files\Common Files\Intel\RSSDK\v6\bin\x64\libpxchand_core.dll
0x00007fff125a0000 - 0x00007fff13c11000 	C:\Program Files\Common Files\Intel\RSSDK\v6\bin\x64\libpxchand_track.dll
0x00007fff11640000 - 0x00007fff12598000 	C:\Program Files\Common Files\Intel\RSSDK\v6\bin\x64\libpxchand_facade.dll
0x00007fff113f0000 - 0x00007fff1163e000 	C:\Program Files\Common Files\Intel\RSSDK\v6\bin\x64\libpxchandmodule.dll
0x00007fff41900000 - 0x00007fff41913000 	C:\Program Files\Common Files\Intel\RSSDK\v6\bin\x64\libpxcpowermanager.dll
0x00007fff20620000 - 0x00007fff2073f000 	C:\Program Files\Common Files\Intel\RSDCM\bin\x64\IVCAM_DLL.dll
0x00007fff53a00000 - 0x00007fff53e29000 	C:\WINDOWS\system32\SETUPAPI.dll
0x00007fff4da90000 - 0x00007fff4dbc3000 	C:\WINDOWS\SYSTEM32\MFPlat.DLL
0x00007fff33f30000 - 0x00007fff33fc0000 	C:\WINDOWS\SYSTEM32\MF.dll
0x00007fff34e30000 - 0x00007fff34ed5000 	C:\WINDOWS\SYSTEM32\MFReadWrite.dll
0x00007fff2c370000 - 0x00007fff2c3f3000 	C:\WINDOWS\SYSTEM32\newdev.dll
0x00007fff47ca0000 - 0x00007fff47cab000 	C:\WINDOWS\SYSTEM32\WINUSB.DLL
0x00007fff1d140000 - 0x00007fff1d460000 	C:\WINDOWS\SYSTEM32\MFCORE.DLL
0x00007fff511a0000 - 0x00007fff51361000 	C:\WINDOWS\system32\CRYPT32.dll
0x00007fff414c0000 - 0x00007fff414d3000 	C:\WINDOWS\SYSTEM32\devrtl.DLL
0x00007fff50490000 - 0x00007fff504a0000 	C:\WINDOWS\system32\MSASN1.dll
0x00007fff417b0000 - 0x00007fff417b8000 	C:\WINDOWS\SYSTEM32\ksuser.dll
0x00007fff4d0b0000 - 0x00007fff4d0d8000 	C:\WINDOWS\SYSTEM32\RTWorkQ.DLL
0x00007fff10f70000 - 0x00007fff113e3000 	C:\Program Files\Common Files\Intel\RSDCM\bin\x64\libpxccamera_dcm_f200.dll
0x00007fff4ada0000 - 0x00007fff4ae25000 	C:\WINDOWS\SYSTEM32\WINSPOOL.DRV
0x00007fff4b840000 - 0x00007fff4b847000 	C:\WINDOWS\SYSTEM32\MSIMG32.dll
0x00007fff4acb0000 - 0x00007fff4ad15000 	C:\WINDOWS\SYSTEM32\OLEACC.dll
0x00007fff4aee0000 - 0x00007fff4b079000 	C:\WINDOWS\WinSxS\amd64_microsoft.windows.gdiplus_6595b64144ccf1df_1.1.14316.1000_none_b181f21526aacb0a\gdiplus.dll
0x00007fff53960000 - 0x00007fff53a00000 	C:\WINDOWS\system32\clbcatq.dll
0x00007fff40a80000 - 0x00007fff40a9a000 	C:\Program Files\Common Files\Intel\RSDCM\bin\x64\RealSenseDCMPS.dll
0x00007fff2b6c0000 - 0x00007fff2b721000 	C:\Program Files\Common Files\Intel\RSSDK\v6\bin\x64\libpxccamera_mf.dll
0x00007fff4ae30000 - 0x00007fff4aedc000 	C:\WINDOWS\WinSxS\amd64_microsoft.windows.common-controls_6595b64144ccf1df_5.82.14316.1000_none_5889af335d0492b9\comctl32.dll
0x00000000755c0000 - 0x00000000755e4000 	C:\Program Files\Java\jre1.8.0_65\bin\sunec.dll
0x00007fff3e5b0000 - 0x00007fff3e5c6000 	C:\WINDOWS\system32\napinsp.dll
0x00007fff3e590000 - 0x00007fff3e5aa000 	C:\WINDOWS\system32\pnrpnsp.dll
0x00007fff4de20000 - 0x00007fff4de39000 	C:\WINDOWS\system32\NLAapi.dll
0x00007fff4ee30000 - 0x00007fff4eed8000 	C:\WINDOWS\SYSTEM32\DNSAPI.dll
0x00007fff3ebc0000 - 0x00007fff3ebcd000 	C:\WINDOWS\System32\winrnr.dll
0x00007fff3ebd0000 - 0x00007fff3ebe5000 	C:\WINDOWS\System32\wshbth.dll
0x00007fff421c0000 - 0x00007fff421ca000 	C:\Windows\System32\rasadhlp.dll
0x00007fff48830000 - 0x00007fff48897000 	C:\WINDOWS\System32\fwpuclnt.dll
0x0000000074560000 - 0x000000007458a000 	C:\Program Files\Java\jre1.8.0_65\bin\dcpr.dll
0x00007fff47960000 - 0x00007fff47b05000 	C:\WINDOWS\SYSTEM32\WindowsCodecs.dll
0x00007fff330b0000 - 0x00007fff330f9000 	C:\WINDOWS\system32\dataexchange.dll
0x00007fff4d360000 - 0x00007fff4d602000 	C:\WINDOWS\system32\d3d11.dll
0x00007fff4e2d0000 - 0x00007fff4e3ee000 	C:\WINDOWS\system32\dcomp.dll
0x00007fff4e230000 - 0x00007fff4e2cd000 	C:\WINDOWS\system32\dxgi.dll
0x00007fff4f0c0000 - 0x00007fff4f1c8000 	C:\WINDOWS\system32\twinapi.appcore.dll
0x00007fff41010000 - 0x00007fff411c5000 	C:\Windows\System32\uiautomationcore.dll
0x00007fff50330000 - 0x00007fff503c8000 	C:\WINDOWS\SYSTEM32\sxs.dll
0x00007fff40ad0000 - 0x00007fff40b4f000 	C:\WINDOWS\SYSTEM32\twinapi.dll
0x00007fff4d0f0000 - 0x00007fff4d270000 	C:\WINDOWS\system32\propsys.dll

VM Arguments:
jvm_args: -Djava.library.path=C:\Users\micro\.gradle\caches\modules-2\files-2.1\intel.rssdk\libpxcclr\20150901\ec3d0d1e15a462ea5c893c1260acdb931a0e2646;C:\Users\micro\.gradle\caches\modules-2\files-2.1\com.zspace\zspace\20151207\35c0272412b5c80535a9e6185c3adfe15e469ec7 -Dfile.encoding=Cp1252 
java_command: geogebra.GeoGebra3D --prerelease
java_class_path (initial): C:\workspace\geogebra\desktop\bin;C:\workspace\geogebra\common\bin;C:\workspace\geogebra\retex\renderer-base\bin;C:\workspace\geogebra\common-jre\bin;C:\workspace\geogebra\retex\renderer-desktop\bin;C:\workspace\geogebra\jogl2\bin;C:\Users\micro\.gradle\caches\modules-2\files-2.1\com.jogamp\gluegen-rt\2.2.0\2290257a7a9c8e93138029dc243c29478dbf35e9\gluegen-rt-2.2.0.jar;C:\Users\micro\.gradle\caches\modules-2\files-2.1\com.jogamp\jogl-all\2.2.0\96c1df501360bf7719ebdb4bd7ba9940dddc0933\jogl-all-2.2.0.jar;C:\workspace\geogebra\input3D\impl\bin;C:\Users\micro\.gradle\caches\modules-2\files-2.1\org.eclipse.jetty\jetty-io\9.3.0.M2\626fd07d21304e2a48b4743e5fe5ff788a379342\jetty-io-9.3.0.M2.jar;C:\Users\micro\.gradle\caches\modules-2\files-2.1\org.eclipse.jetty\jetty-util\9.3.0.M2\50fac5a2ec6cfb0e11f69b5fe57a36c9495e7e8\jetty-util-9.3.0.M2.jar;C:\Users\micro\.gradle\caches\modules-2\files-2.1\org.eclipse.jetty.websocket\websocket-api\9.0.5.v20130815\3cb877dbd85fead7124656823537217543ec799a\websocket-api-9.0.5.v20130815.jar;C:\Users\micro\.gradle\caches\modules-2\files-2.1\org.eclipse.jetty.websocket\websocket-client\9.0.5.v20130815\1f986c76cf79739225c7d6e61e162bff05aa41f4\websocket-client-9.0.5.v20130815.jar;C:\Users\micro\.gradle\caches\modules-2\files-2.1\org.eclipse.jetty.websocket\websocket-common\9.0.5.v20130815\85eac83cd9b649d18141a3c355be2d8a42570b42\websocket-common-9.0.5.v20130815.jar;C:\Users\micro\.gradle\caches\modules-2\files-2.1\org.eclipse.jetty.websocket\websocket-server\9.0.5.v20130815\be6a30303d3a40e0d19e6cfccda7581c9b59f627\websocket-server-9.0.5.v20130815.jar;C:\Users\micro\.gradle\caches\modules-2\files-2.1\org.eclipse.jetty.websocket\websocket-servlet\9.0.5.v20130815\45e8db7f5088b4cee5676dc8162474122f55a47e\websocket-servlet-9.0.5.v20130815.jar;C:\Users\micro\.gradle\caches\modules-2\files-2.1\intel.rssdk\libpxcclr\20150901\ec3d0d1e15a462ea5c893c1260acdb931a0e2646\libpxcclr-20150901.jar;C:\Users\micro\.gradle\caches\modules-
Launcher Type: SUN_STANDARD

Environment Variables:
PATH=C:/Program Files/Java/jre1.8.0_65/bin/server;C:/Program Files/Java/jre1.8.0_65/bin;C:/Program Files/Java/jre1.8.0_65/lib/amd64;C:\ProgramData\Oracle\Java\javapath;C:\WINDOWS\system32;C:\WINDOWS;C:\WINDOWS\System32\Wbem;C:\WINDOWS\System32\WindowsPowerShell\v1.0\;C:\Program Files (x86)\Skype\Phone\;%localappdata%\Microsoft\WindowsApps;C:\eclipse;
USERNAME=micro
OS=Windows_NT
PROCESSOR_IDENTIFIER=Intel64 Family 6 Model 60 Stepping 3, GenuineIntel



---------------  S Y S T E M  ---------------

OS: Windows 10.0 , 64 bit Build 14316 (10.0.14316.1000)

CPU:total 8 (4 cores per cpu, 2 threads per core) family 6 model 60 stepping 3, cmov, cx8, fxsr, mmx, sse, sse2, sse3, ssse3, sse4.1, sse4.2, popcnt, avx, avx2, aes, clmul, erms, lzcnt, ht, tsc, tscinvbit, bmi1, bmi2

Memory: 4k page, physical 16677928k(8202376k free), swap 19168296k(7648660k free)

vm_info: Java HotSpot(TM) 64-Bit Server VM (25.65-b01) for windows-amd64 JRE (1.8.0_65-b17), built on Oct  6 2015 16:39:20 by "java_re" with MS VC++ 10.0 (VS2010)

time: Thu Apr 21 20:54:33 2016
elapsed time: 14 seconds (0d 0h 0m 14s)

